/opt/homebrew/lib/python3.13/site-packages/pydantic/_internal/_config.py:373: UserWarning: Valid config keys have changed in V2:
* 'schema_extra' has been renamed to 'json_schema_extra'
  warnings.warn(message, UserWarning)
WARNING:app.supabase_service_enhanced:SUPABASE_SERVICE_KEY not set, using anon key for admin operations
INFO:app.supabase_service_enhanced:✅ Enhanced Supabase service initialized
/Users/gouthamvemula/onbclaude/onbdev/hotel-onboarding-backend/app/main_enhanced.py:123: DeprecationWarning: 
        on_event is deprecated, use lifespan event handlers instead.

        Read more about it in the
        [FastAPI docs for Lifespan Events](https://fastapi.tiangolo.com/advanced/events/).
        
  @app.on_event("startup")
INFO:     Started server process [9760]
INFO:     Waiting for application startup.
INFO:httpx:HTTP Request: GET https://onmjxtyamdpkhnflwwmj.supabase.co/rest/v1/users?select=%2A "HTTP/2 200 OK"
INFO:     Application startup complete.
ERROR:    [Errno 48] error while attempting to bind on address ('0.0.0.0', 8000): [errno 48] address already in use
INFO:     Waiting for application shutdown.
INFO:     Application shutdown complete.
✅ Official I9 template found: /Users/gouthamvemula/onbclaude/onbdev/official-forms/i9-form-latest.pdf
✅ Official W4 template found: /Users/gouthamvemula/onbclaude/onbdev/official-forms/w4-form-latest.pdf
✅ Supabase-enabled backend started successfully
