/opt/homebrew/lib/python3.13/site-packages/pydantic/_internal/_config.py:373: UserWarning: Valid config keys have changed in V2:
* 'schema_extra' has been renamed to 'json_schema_extra'
  warnings.warn(message, UserWarning)
WARNING:app.supabase_service_enhanced:SUPABASE_SERVICE_KEY not set, using anon key for admin operations
INFO:app.supabase_service_enhanced:✅ Enhanced Supabase service initialized
WARNING:app.supabase_service_enhanced:SUPABASE_SERVICE_KEY not set, using anon key for admin operations
INFO:app.supabase_service_enhanced:✅ Enhanced Supabase service initialized
WARNING:app.supabase_service_enhanced:SUPABASE_SERVICE_KEY not set, using anon key for admin operations
INFO:app.supabase_service_enhanced:✅ Enhanced Supabase service initialized
WARNING:app.supabase_service_enhanced:SUPABASE_SERVICE_KEY not set, using anon key for admin operations
INFO:app.supabase_service_enhanced:✅ Enhanced Supabase service initialized
WARNING:app.supabase_service_enhanced:SUPABASE_SERVICE_KEY not set, using anon key for admin operations
INFO:app.supabase_service_enhanced:✅ Enhanced Supabase service initialized
WARNING:app.supabase_service_enhanced:SUPABASE_SERVICE_KEY not set, using anon key for admin operations
INFO:app.supabase_service_enhanced:✅ Enhanced Supabase service initialized
WARNING:app.supabase_service_enhanced:SUPABASE_SERVICE_KEY not set, using anon key for admin operations
INFO:app.supabase_service_enhanced:✅ Enhanced Supabase service initialized
WARNING:app.supabase_service_enhanced:SUPABASE_SERVICE_KEY not set, using anon key for admin operations
INFO:app.supabase_service_enhanced:✅ Enhanced Supabase service initialized
WARNING:app.supabase_service_enhanced:SUPABASE_SERVICE_KEY not set, using anon key for admin operations
INFO:app.supabase_service_enhanced:✅ Enhanced Supabase service initialized
INFO:     Started server process [44800]
INFO:     Waiting for application startup.
ERROR:app.supabase_service_enhanced:Error getting users: [Errno 8] nodename nor servname provided, or not known
ERROR:app.main_enhanced:Test data initialization error: 'EnhancedSupabaseService' object has no attribute 'create_user'
INFO:     Application startup complete.
INFO:     Uvicorn running on http://0.0.0.0:8000 (Press CTRL+C to quit)
WARNING:app.supabase_service_enhanced:SUPABASE_SERVICE_KEY not set, using anon key for admin operations
WARNING:app.supabase_service_enhanced:SUPABASE_SERVICE_KEY not set, using anon key for admin operations
INFO:app.supabase_service_enhanced:✅ Enhanced Supabase service initialized
INFO:app.supabase_service_enhanced:✅ Enhanced Supabase service initialized
WARNING:app.supabase_service_enhanced:SUPABASE_SERVICE_KEY not set, using anon key for admin operations
INFO:app.supabase_service_enhanced:✅ Enhanced Supabase service initialized
WARNING:app.supabase_service_enhanced:SUPABASE_SERVICE_KEY not set, using anon key for admin operations
WARNING:app.supabase_service_enhanced:SUPABASE_SERVICE_KEY not set, using anon key for admin operations
WARNING:app.supabase_service_enhanced:SUPABASE_SERVICE_KEY not set, using anon key for admin operations
INFO:app.supabase_service_enhanced:✅ Enhanced Supabase service initialized
INFO:app.supabase_service_enhanced:✅ Enhanced Supabase service initialized
INFO:app.supabase_service_enhanced:✅ Enhanced Supabase service initialized
WARNING:app.supabase_service_enhanced:SUPABASE_SERVICE_KEY not set, using anon key for admin operations
INFO:app.supabase_service_enhanced:✅ Enhanced Supabase service initialized
WARNING:app.supabase_service_enhanced:SUPABASE_SERVICE_KEY not set, using anon key for admin operations
WARNING:app.supabase_service_enhanced:SUPABASE_SERVICE_KEY not set, using anon key for admin operations
INFO:app.supabase_service_enhanced:✅ Enhanced Supabase service initialized
INFO:app.supabase_service_enhanced:✅ Enhanced Supabase service initialized
WARNING:app.supabase_service_enhanced:SUPABASE_SERVICE_KEY not set, using anon key for admin operations
INFO:app.supabase_service_enhanced:✅ Enhanced Supabase service initialized
INFO:httpx:HTTP Request: GET https://onmjxtyamdpkhnflwwmj.supabase.co/rest/v1/users?select=%2A&id=eq.e5afafa0-1866-4acc-b44c-2b6158bf2d59 "HTTP/2 200 OK"
INFO:httpx:HTTP Request: GET https://onmjxtyamdpkhnflwwmj.supabase.co/rest/v1/users?select=%2A&id=eq.e5afafa0-1866-4acc-b44c-2b6158bf2d59 "HTTP/2 200 OK"
INFO:httpx:HTTP Request: GET https://onmjxtyamdpkhnflwwmj.supabase.co/rest/v1/users?select=%2A&id=eq.e5afafa0-1866-4acc-b44c-2b6158bf2d59 "HTTP/2 200 OK"
INFO:httpx:HTTP Request: GET https://onmjxtyamdpkhnflwwmj.supabase.co/rest/v1/users?select=%2A&id=eq.e5afafa0-1866-4acc-b44c-2b6158bf2d59 "HTTP/2 200 OK"
INFO:httpx:HTTP Request: GET https://onmjxtyamdpkhnflwwmj.supabase.co/rest/v1/users?select=%2A&id=eq.e5afafa0-1866-4acc-b44c-2b6158bf2d59 "HTTP/2 200 OK"
INFO:httpx:HTTP Request: GET https://onmjxtyamdpkhnflwwmj.supabase.co/rest/v1/users?select=%2A&id=eq.e5afafa0-1866-4acc-b44c-2b6158bf2d59 "HTTP/2 200 OK"
INFO:httpx:HTTP Request: GET https://onmjxtyamdpkhnflwwmj.supabase.co/rest/v1/users?select=%2A&id=eq.e5afafa0-1866-4acc-b44c-2b6158bf2d59 "HTTP/2 200 OK"
INFO:httpx:HTTP Request: GET https://onmjxtyamdpkhnflwwmj.supabase.co/rest/v1/users?select=%2A&id=eq.e5afafa0-1866-4acc-b44c-2b6158bf2d59 "HTTP/2 200 OK"
INFO:httpx:HTTP Request: GET https://onmjxtyamdpkhnflwwmj.supabase.co/rest/v1/users?select=%2A&id=eq.e5afafa0-1866-4acc-b44c-2b6158bf2d59 "HTTP/2 200 OK"
INFO:httpx:HTTP Request: GET https://onmjxtyamdpkhnflwwmj.supabase.co/rest/v1/users?select=%2A&id=eq.e5afafa0-1866-4acc-b44c-2b6158bf2d59 "HTTP/2 200 OK"
INFO:httpx:HTTP Request: GET https://onmjxtyamdpkhnflwwmj.supabase.co/rest/v1/properties?select=id&is_active=eq.True "HTTP/2 200 OK"
INFO:httpx:HTTP Request: GET https://onmjxtyamdpkhnflwwmj.supabase.co/rest/v1/users?select=id&role=eq.manager&is_active=eq.True "HTTP/2 200 OK"
INFO:httpx:HTTP Request: GET https://onmjxtyamdpkhnflwwmj.supabase.co/rest/v1/employees?select=id&employment_status=eq.active "HTTP/2 200 OK"
INFO:httpx:HTTP Request: GET https://onmjxtyamdpkhnflwwmj.supabase.co/rest/v1/job_applications?select=id&status=eq.pending "HTTP/2 200 OK"
INFO:httpx:HTTP Request: GET https://onmjxtyamdpkhnflwwmj.supabase.co/rest/v1/job_applications?select=id&status=eq.approved "HTTP/2 200 OK"
INFO:httpx:HTTP Request: GET https://onmjxtyamdpkhnflwwmj.supabase.co/rest/v1/job_applications?select=id "HTTP/2 200 OK"
INFO:httpx:HTTP Request: GET https://onmjxtyamdpkhnflwwmj.supabase.co/rest/v1/employees?select=id&employment_status=eq.active "HTTP/2 200 OK"
INFO:httpx:HTTP Request: GET https://onmjxtyamdpkhnflwwmj.supabase.co/rest/v1/employees?select=id&onboarding_status=in.%28in_progress%2Cemployee_completed%2Cmanager_review%29 "HTTP/2 200 OK"
INFO:httpx:HTTP Request: GET https://onmjxtyamdpkhnflwwmj.supabase.co/rest/v1/properties?select=id&is_active=eq.True "HTTP/2 200 OK"
INFO:httpx:HTTP Request: GET https://onmjxtyamdpkhnflwwmj.supabase.co/rest/v1/users?select=id&role=eq.manager&is_active=eq.True "HTTP/2 200 OK"
INFO:httpx:HTTP Request: GET https://onmjxtyamdpkhnflwwmj.supabase.co/rest/v1/employees?select=id&employment_status=eq.active "HTTP/2 200 OK"
INFO:httpx:HTTP Request: GET https://onmjxtyamdpkhnflwwmj.supabase.co/rest/v1/job_applications?select=id&status=eq.pending "HTTP/2 200 OK"
INFO:httpx:HTTP Request: GET https://onmjxtyamdpkhnflwwmj.supabase.co/rest/v1/job_applications?select=id&status=eq.approved "HTTP/2 200 OK"
INFO:httpx:HTTP Request: GET https://onmjxtyamdpkhnflwwmj.supabase.co/rest/v1/job_applications?select=id "HTTP/2 200 OK"
INFO:httpx:HTTP Request: GET https://onmjxtyamdpkhnflwwmj.supabase.co/rest/v1/employees?select=id&employment_status=eq.active "HTTP/2 200 OK"
INFO:httpx:HTTP Request: GET https://onmjxtyamdpkhnflwwmj.supabase.co/rest/v1/employees?select=id&onboarding_status=in.%28in_progress%2Cemployee_completed%2Cmanager_review%29 "HTTP/2 200 OK"
✅ Official I9 template found: /Users/gouthamvemula/onbclaude/onbdev/official-forms/i9-form-latest.pdf
✅ Official W4 template found: /Users/gouthamvemula/onbclaude/onbdev/official-forms/w4-form-latest.pdf
⚠️ Scheduler disabled - missing apscheduler module
✅ Supabase-enabled backend started successfully
INFO:     127.0.0.1:54773 - "GET /hr/dashboard-stats HTTP/1.1" 200 OK
INFO:     127.0.0.1:54793 - "GET /hr/dashboard-stats HTTP/1.1" 200 OK
INFO:httpx:HTTP Request: GET https://onmjxtyamdpkhnflwwmj.supabase.co/rest/v1/users?select=%2A&role=eq.manager&is_active=eq.True "HTTP/2 200 OK"
INFO:httpx:HTTP Request: GET https://onmjxtyamdpkhnflwwmj.supabase.co/rest/v1/property_managers?select=properties%28%2A%29&manager_id=eq.59356bfe-9c80-4871-81e5-2fa4496b5781 "HTTP/2 200 OK"
INFO:httpx:HTTP Request: GET https://onmjxtyamdpkhnflwwmj.supabase.co/rest/v1/property_managers?select=properties%28%2A%29&manager_id=eq.bcfc5697-11cc-4c67-aef4-6bed8d84ecbb "HTTP/2 200 OK"
INFO:httpx:HTTP Request: GET https://onmjxtyamdpkhnflwwmj.supabase.co/rest/v1/property_managers?select=properties%28%2A%29&manager_id=eq.5a328344-c9db-415b-b8cf-5079554949dd "HTTP/2 200 OK"
INFO:httpx:HTTP Request: GET https://onmjxtyamdpkhnflwwmj.supabase.co/rest/v1/property_managers?select=properties%28%2A%29&manager_id=eq.959a01a6-6bb1-4bbb-a779-acaff92518f4 "HTTP/2 200 OK"
INFO:httpx:HTTP Request: GET https://onmjxtyamdpkhnflwwmj.supabase.co/rest/v1/properties?select=%2A "HTTP/2 200 OK"
INFO:app.supabase_service_enhanced:Raw properties from DB: 5 properties found
INFO:app.supabase_service_enhanced:Returning 5 properties
INFO:httpx:HTTP Request: GET https://onmjxtyamdpkhnflwwmj.supabase.co/rest/v1/property_managers?select=manager_id&property_id=eq.b1d60a13-ba0d-45bd-b709-87076abc64dc "HTTP/2 200 OK"
INFO:httpx:HTTP Request: GET https://onmjxtyamdpkhnflwwmj.supabase.co/rest/v1/property_managers?select=manager_id&property_id=eq.550e8400-e29b-41d4-a716-446655440003 "HTTP/2 200 OK"
INFO:httpx:HTTP Request: GET https://onmjxtyamdpkhnflwwmj.supabase.co/rest/v1/property_managers?select=manager_id&property_id=eq.44d08c2f-49a7-443c-b1b9-6a5f20c529d2 "HTTP/2 200 OK"
INFO:httpx:HTTP Request: GET https://onmjxtyamdpkhnflwwmj.supabase.co/rest/v1/property_managers?select=manager_id&property_id=eq.628113c8-ed04-4119-9118-e358c14ad13f "HTTP/2 200 OK"
INFO:httpx:HTTP Request: GET https://onmjxtyamdpkhnflwwmj.supabase.co/rest/v1/property_managers?select=manager_id&property_id=eq.46262a51-271f-41db-81d6-ce8979f6c48a "HTTP/2 200 OK"
INFO:httpx:HTTP Request: GET https://onmjxtyamdpkhnflwwmj.supabase.co/rest/v1/users?select=%2A&role=eq.manager&is_active=eq.True "HTTP/2 200 OK"
INFO:httpx:HTTP Request: GET https://onmjxtyamdpkhnflwwmj.supabase.co/rest/v1/property_managers?select=properties%28%2A%29&manager_id=eq.59356bfe-9c80-4871-81e5-2fa4496b5781 "HTTP/2 200 OK"
INFO:httpx:HTTP Request: GET https://onmjxtyamdpkhnflwwmj.supabase.co/rest/v1/property_managers?select=properties%28%2A%29&manager_id=eq.bcfc5697-11cc-4c67-aef4-6bed8d84ecbb "HTTP/2 200 OK"
INFO:httpx:HTTP Request: GET https://onmjxtyamdpkhnflwwmj.supabase.co/rest/v1/property_managers?select=properties%28%2A%29&manager_id=eq.5a328344-c9db-415b-b8cf-5079554949dd "HTTP/2 200 OK"
INFO:httpx:HTTP Request: GET https://onmjxtyamdpkhnflwwmj.supabase.co/rest/v1/property_managers?select=properties%28%2A%29&manager_id=eq.959a01a6-6bb1-4bbb-a779-acaff92518f4 "HTTP/2 200 OK"
INFO:httpx:HTTP Request: GET https://onmjxtyamdpkhnflwwmj.supabase.co/rest/v1/users?select=%2A&role=eq.manager&is_active=eq.True "HTTP/2 200 OK"
INFO:httpx:HTTP Request: GET https://onmjxtyamdpkhnflwwmj.supabase.co/rest/v1/property_managers?select=properties%28%2A%29&manager_id=eq.59356bfe-9c80-4871-81e5-2fa4496b5781 "HTTP/2 200 OK"
INFO:httpx:HTTP Request: GET https://onmjxtyamdpkhnflwwmj.supabase.co/rest/v1/property_managers?select=properties%28%2A%29&manager_id=eq.bcfc5697-11cc-4c67-aef4-6bed8d84ecbb "HTTP/2 200 OK"
INFO:httpx:HTTP Request: GET https://onmjxtyamdpkhnflwwmj.supabase.co/rest/v1/property_managers?select=properties%28%2A%29&manager_id=eq.5a328344-c9db-415b-b8cf-5079554949dd "HTTP/2 200 OK"
INFO:httpx:HTTP Request: GET https://onmjxtyamdpkhnflwwmj.supabase.co/rest/v1/property_managers?select=properties%28%2A%29&manager_id=eq.959a01a6-6bb1-4bbb-a779-acaff92518f4 "HTTP/2 200 OK"
INFO:httpx:HTTP Request: GET https://onmjxtyamdpkhnflwwmj.supabase.co/rest/v1/properties?select=id&is_active=eq.True "HTTP/2 200 OK"
INFO:httpx:HTTP Request: GET https://onmjxtyamdpkhnflwwmj.supabase.co/rest/v1/users?select=id&role=eq.manager&is_active=eq.True "HTTP/2 200 OK"
INFO:httpx:HTTP Request: GET https://onmjxtyamdpkhnflwwmj.supabase.co/rest/v1/employees?select=id&employment_status=eq.active "HTTP/2 200 OK"
INFO:httpx:HTTP Request: GET https://onmjxtyamdpkhnflwwmj.supabase.co/rest/v1/job_applications?select=id&status=eq.pending "HTTP/2 200 OK"
INFO:httpx:HTTP Request: GET https://onmjxtyamdpkhnflwwmj.supabase.co/rest/v1/job_applications?select=id&status=eq.approved "HTTP/2 200 OK"
INFO:httpx:HTTP Request: GET https://onmjxtyamdpkhnflwwmj.supabase.co/rest/v1/job_applications?select=id "HTTP/2 200 OK"
INFO:httpx:HTTP Request: GET https://onmjxtyamdpkhnflwwmj.supabase.co/rest/v1/employees?select=id&employment_status=eq.active "HTTP/2 200 OK"
INFO:httpx:HTTP Request: GET https://onmjxtyamdpkhnflwwmj.supabase.co/rest/v1/employees?select=id&onboarding_status=in.%28in_progress%2Cemployee_completed%2Cmanager_review%29 "HTTP/2 200 OK"
INFO:httpx:HTTP Request: GET https://onmjxtyamdpkhnflwwmj.supabase.co/rest/v1/properties?select=%2A "HTTP/2 200 OK"
INFO:app.supabase_service_enhanced:Raw properties from DB: 5 properties found
INFO:app.supabase_service_enhanced:Returning 5 properties
INFO:httpx:HTTP Request: GET https://onmjxtyamdpkhnflwwmj.supabase.co/rest/v1/property_managers?select=manager_id&property_id=eq.b1d60a13-ba0d-45bd-b709-87076abc64dc "HTTP/2 200 OK"
INFO:httpx:HTTP Request: GET https://onmjxtyamdpkhnflwwmj.supabase.co/rest/v1/property_managers?select=manager_id&property_id=eq.550e8400-e29b-41d4-a716-446655440003 "HTTP/2 200 OK"
INFO:httpx:HTTP Request: GET https://onmjxtyamdpkhnflwwmj.supabase.co/rest/v1/property_managers?select=manager_id&property_id=eq.44d08c2f-49a7-443c-b1b9-6a5f20c529d2 "HTTP/2 200 OK"
INFO:httpx:HTTP Request: GET https://onmjxtyamdpkhnflwwmj.supabase.co/rest/v1/property_managers?select=manager_id&property_id=eq.628113c8-ed04-4119-9118-e358c14ad13f "HTTP/2 200 OK"
INFO:httpx:HTTP Request: GET https://onmjxtyamdpkhnflwwmj.supabase.co/rest/v1/property_managers?select=manager_id&property_id=eq.46262a51-271f-41db-81d6-ce8979f6c48a "HTTP/2 200 OK"
INFO:httpx:HTTP Request: GET https://onmjxtyamdpkhnflwwmj.supabase.co/rest/v1/users?select=%2A&role=eq.manager&is_active=eq.True "HTTP/2 200 OK"
INFO:httpx:HTTP Request: GET https://onmjxtyamdpkhnflwwmj.supabase.co/rest/v1/property_managers?select=properties%28%2A%29&manager_id=eq.59356bfe-9c80-4871-81e5-2fa4496b5781 "HTTP/2 200 OK"
INFO:httpx:HTTP Request: GET https://onmjxtyamdpkhnflwwmj.supabase.co/rest/v1/property_managers?select=properties%28%2A%29&manager_id=eq.bcfc5697-11cc-4c67-aef4-6bed8d84ecbb "HTTP/2 200 OK"
INFO:httpx:HTTP Request: GET https://onmjxtyamdpkhnflwwmj.supabase.co/rest/v1/property_managers?select=properties%28%2A%29&manager_id=eq.5a328344-c9db-415b-b8cf-5079554949dd "HTTP/2 200 OK"
INFO:httpx:HTTP Request: GET https://onmjxtyamdpkhnflwwmj.supabase.co/rest/v1/property_managers?select=properties%28%2A%29&manager_id=eq.959a01a6-6bb1-4bbb-a779-acaff92518f4 "HTTP/2 200 OK"
INFO:httpx:HTTP Request: GET https://onmjxtyamdpkhnflwwmj.supabase.co/rest/v1/properties?select=%2A "HTTP/2 200 OK"
INFO:app.supabase_service_enhanced:Raw properties from DB: 5 properties found
INFO:app.supabase_service_enhanced:Returning 5 properties
INFO:httpx:HTTP Request: GET https://onmjxtyamdpkhnflwwmj.supabase.co/rest/v1/property_managers?select=manager_id&property_id=eq.b1d60a13-ba0d-45bd-b709-87076abc64dc "HTTP/2 200 OK"
INFO:httpx:HTTP Request: GET https://onmjxtyamdpkhnflwwmj.supabase.co/rest/v1/property_managers?select=manager_id&property_id=eq.550e8400-e29b-41d4-a716-446655440003 "HTTP/2 200 OK"
INFO:httpx:HTTP Request: GET https://onmjxtyamdpkhnflwwmj.supabase.co/rest/v1/property_managers?select=manager_id&property_id=eq.44d08c2f-49a7-443c-b1b9-6a5f20c529d2 "HTTP/2 200 OK"
INFO:httpx:HTTP Request: GET https://onmjxtyamdpkhnflwwmj.supabase.co/rest/v1/property_managers?select=manager_id&property_id=eq.628113c8-ed04-4119-9118-e358c14ad13f "HTTP/2 200 OK"
INFO:httpx:HTTP Request: GET https://onmjxtyamdpkhnflwwmj.supabase.co/rest/v1/property_managers?select=manager_id&property_id=eq.46262a51-271f-41db-81d6-ce8979f6c48a "HTTP/2 200 OK"
INFO:     127.0.0.1:54775 - "GET /hr/managers HTTP/1.1" 200 OK
INFO:     127.0.0.1:54692 - "GET /hr/properties HTTP/1.1" 200 OK
INFO:     127.0.0.1:54796 - "GET /hr/managers HTTP/1.1" 200 OK
INFO:     127.0.0.1:54693 - "GET /hr/managers HTTP/1.1" 200 OK
INFO:     127.0.0.1:54691 - "GET /hr/dashboard-stats HTTP/1.1" 200 OK
INFO:     127.0.0.1:54774 - "GET /hr/properties HTTP/1.1" 200 OK
INFO:     127.0.0.1:54785 - "GET /hr/managers HTTP/1.1" 200 OK
INFO:     127.0.0.1:54794 - "GET /hr/properties HTTP/1.1" 200 OK
WARNING:app.supabase_service_enhanced:SUPABASE_SERVICE_KEY not set, using anon key for admin operations
INFO:app.supabase_service_enhanced:✅ Enhanced Supabase service initialized
WARNING:app.supabase_service_enhanced:SUPABASE_SERVICE_KEY not set, using anon key for admin operations
INFO:app.supabase_service_enhanced:✅ Enhanced Supabase service initialized
WARNING:app.supabase_service_enhanced:SUPABASE_SERVICE_KEY not set, using anon key for admin operations
INFO:app.supabase_service_enhanced:✅ Enhanced Supabase service initialized
INFO:httpx:HTTP Request: GET https://onmjxtyamdpkhnflwwmj.supabase.co/rest/v1/users?select=%2A&id=eq.e5afafa0-1866-4acc-b44c-2b6158bf2d59 "HTTP/2 200 OK"
INFO:httpx:HTTP Request: GET https://onmjxtyamdpkhnflwwmj.supabase.co/rest/v1/users?select=%2A&id=eq.e5afafa0-1866-4acc-b44c-2b6158bf2d59 "HTTP/2 200 OK"
INFO:httpx:HTTP Request: GET https://onmjxtyamdpkhnflwwmj.supabase.co/rest/v1/users?select=%2A&id=eq.e5afafa0-1866-4acc-b44c-2b6158bf2d59 "HTTP/2 200 OK"
INFO:httpx:HTTP Request: GET https://onmjxtyamdpkhnflwwmj.supabase.co/rest/v1/properties?select=id&is_active=eq.True "HTTP/2 200 OK"
INFO:httpx:HTTP Request: GET https://onmjxtyamdpkhnflwwmj.supabase.co/rest/v1/users?select=id&role=eq.manager&is_active=eq.True "HTTP/2 200 OK"
INFO:httpx:HTTP Request: GET https://onmjxtyamdpkhnflwwmj.supabase.co/rest/v1/employees?select=id&employment_status=eq.active "HTTP/2 200 OK"
INFO:httpx:HTTP Request: GET https://onmjxtyamdpkhnflwwmj.supabase.co/rest/v1/job_applications?select=id&status=eq.pending "HTTP/2 200 OK"
INFO:httpx:HTTP Request: GET https://onmjxtyamdpkhnflwwmj.supabase.co/rest/v1/job_applications?select=id&status=eq.approved "HTTP/2 200 OK"
INFO:httpx:HTTP Request: GET https://onmjxtyamdpkhnflwwmj.supabase.co/rest/v1/job_applications?select=id "HTTP/2 200 OK"
INFO:httpx:HTTP Request: GET https://onmjxtyamdpkhnflwwmj.supabase.co/rest/v1/employees?select=id&employment_status=eq.active "HTTP/2 200 OK"
INFO:httpx:HTTP Request: GET https://onmjxtyamdpkhnflwwmj.supabase.co/rest/v1/employees?select=id&onboarding_status=in.%28in_progress%2Cemployee_completed%2Cmanager_review%29 "HTTP/2 200 OK"
INFO:httpx:HTTP Request: GET https://onmjxtyamdpkhnflwwmj.supabase.co/rest/v1/users?select=%2A&role=eq.manager&is_active=eq.True "HTTP/2 200 OK"
INFO:httpx:HTTP Request: GET https://onmjxtyamdpkhnflwwmj.supabase.co/rest/v1/property_managers?select=properties%28%2A%29&manager_id=eq.59356bfe-9c80-4871-81e5-2fa4496b5781 "HTTP/2 200 OK"
INFO:httpx:HTTP Request: GET https://onmjxtyamdpkhnflwwmj.supabase.co/rest/v1/property_managers?select=properties%28%2A%29&manager_id=eq.bcfc5697-11cc-4c67-aef4-6bed8d84ecbb "HTTP/2 200 OK"
INFO:httpx:HTTP Request: GET https://onmjxtyamdpkhnflwwmj.supabase.co/rest/v1/property_managers?select=properties%28%2A%29&manager_id=eq.5a328344-c9db-415b-b8cf-5079554949dd "HTTP/2 200 OK"
INFO:httpx:HTTP Request: GET https://onmjxtyamdpkhnflwwmj.supabase.co/rest/v1/property_managers?select=properties%28%2A%29&manager_id=eq.959a01a6-6bb1-4bbb-a779-acaff92518f4 "HTTP/2 200 OK"
INFO:httpx:HTTP Request: GET https://onmjxtyamdpkhnflwwmj.supabase.co/rest/v1/properties?select=%2A "HTTP/2 200 OK"
INFO:app.supabase_service_enhanced:Raw properties from DB: 5 properties found
INFO:app.supabase_service_enhanced:Returning 5 properties
INFO:httpx:HTTP Request: GET https://onmjxtyamdpkhnflwwmj.supabase.co/rest/v1/property_managers?select=manager_id&property_id=eq.b1d60a13-ba0d-45bd-b709-87076abc64dc "HTTP/2 200 OK"
INFO:httpx:HTTP Request: GET https://onmjxtyamdpkhnflwwmj.supabase.co/rest/v1/property_managers?select=manager_id&property_id=eq.550e8400-e29b-41d4-a716-446655440003 "HTTP/2 200 OK"
INFO:httpx:HTTP Request: GET https://onmjxtyamdpkhnflwwmj.supabase.co/rest/v1/property_managers?select=manager_id&property_id=eq.44d08c2f-49a7-443c-b1b9-6a5f20c529d2 "HTTP/2 200 OK"
INFO:httpx:HTTP Request: GET https://onmjxtyamdpkhnflwwmj.supabase.co/rest/v1/property_managers?select=manager_id&property_id=eq.628113c8-ed04-4119-9118-e358c14ad13f "HTTP/2 200 OK"
INFO:httpx:HTTP Request: GET https://onmjxtyamdpkhnflwwmj.supabase.co/rest/v1/property_managers?select=manager_id&property_id=eq.46262a51-271f-41db-81d6-ce8979f6c48a "HTTP/2 200 OK"
INFO:     127.0.0.1:54920 - "GET /hr/dashboard-stats HTTP/1.1" 200 OK
INFO:     127.0.0.1:54953 - "GET /hr/managers HTTP/1.1" 200 OK
INFO:     127.0.0.1:54954 - "GET /hr/properties HTTP/1.1" 200 OK
WARNING:app.supabase_service_enhanced:SUPABASE_SERVICE_KEY not set, using anon key for admin operations
INFO:app.supabase_service_enhanced:✅ Enhanced Supabase service initialized
INFO:httpx:HTTP Request: GET https://onmjxtyamdpkhnflwwmj.supabase.co/rest/v1/users?select=%2A&id=eq.e5afafa0-1866-4acc-b44c-2b6158bf2d59 "HTTP/2 200 OK"
INFO:httpx:HTTP Request: GET https://onmjxtyamdpkhnflwwmj.supabase.co/rest/v1/properties?select=%2A&id=eq.550e8400-e29b-41d4-a716-446655440003 "HTTP/2 200 OK"
INFO:httpx:HTTP Request: GET https://onmjxtyamdpkhnflwwmj.supabase.co/rest/v1/job_applications?select=%2A&property_id=eq.550e8400-e29b-41d4-a716-446655440003 "HTTP/2 200 OK"
INFO:httpx:HTTP Request: GET https://onmjxtyamdpkhnflwwmj.supabase.co/rest/v1/employees?select=%2A&property_id=eq.550e8400-e29b-41d4-a716-446655440003 "HTTP/2 200 OK"
INFO:httpx:HTTP Request: DELETE https://onmjxtyamdpkhnflwwmj.supabase.co/rest/v1/property_managers?property_id=eq.550e8400-e29b-41d4-a716-446655440003 "HTTP/2 200 OK"
INFO:app.main_enhanced:Removed all manager assignments for property 550e8400-e29b-41d4-a716-446655440003
INFO:httpx:HTTP Request: PATCH https://onmjxtyamdpkhnflwwmj.supabase.co/rest/v1/users?property_id=eq.550e8400-e29b-41d4-a716-446655440003 "HTTP/2 200 OK"
INFO:app.main_enhanced:Cleared property_id reference from users for property 550e8400-e29b-41d4-a716-446655440003
INFO:httpx:HTTP Request: PATCH https://onmjxtyamdpkhnflwwmj.supabase.co/rest/v1/bulk_operations?property_id=eq.550e8400-e29b-41d4-a716-446655440003 "HTTP/2 200 OK"
INFO:app.main_enhanced:Cleared property_id reference from bulk_operations for property 550e8400-e29b-41d4-a716-446655440003
INFO:httpx:HTTP Request: DELETE https://onmjxtyamdpkhnflwwmj.supabase.co/rest/v1/properties?id=eq.550e8400-e29b-41d4-a716-446655440003 "HTTP/2 200 OK"
INFO:     127.0.0.1:54994 - "DELETE /hr/properties/550e8400-e29b-41d4-a716-446655440003 HTTP/1.1" 200 OK
WARNING:app.supabase_service_enhanced:SUPABASE_SERVICE_KEY not set, using anon key for admin operations
INFO:app.supabase_service_enhanced:✅ Enhanced Supabase service initialized
INFO:httpx:HTTP Request: GET https://onmjxtyamdpkhnflwwmj.supabase.co/rest/v1/users?select=%2A&id=eq.e5afafa0-1866-4acc-b44c-2b6158bf2d59 "HTTP/2 200 OK"
INFO:httpx:HTTP Request: GET https://onmjxtyamdpkhnflwwmj.supabase.co/rest/v1/properties?select=%2A "HTTP/2 200 OK"
INFO:app.supabase_service_enhanced:Raw properties from DB: 4 properties found
INFO:app.supabase_service_enhanced:Returning 4 properties
INFO:httpx:HTTP Request: GET https://onmjxtyamdpkhnflwwmj.supabase.co/rest/v1/property_managers?select=manager_id&property_id=eq.b1d60a13-ba0d-45bd-b709-87076abc64dc "HTTP/2 200 OK"
INFO:httpx:HTTP Request: GET https://onmjxtyamdpkhnflwwmj.supabase.co/rest/v1/property_managers?select=manager_id&property_id=eq.44d08c2f-49a7-443c-b1b9-6a5f20c529d2 "HTTP/2 200 OK"
INFO:httpx:HTTP Request: GET https://onmjxtyamdpkhnflwwmj.supabase.co/rest/v1/property_managers?select=manager_id&property_id=eq.628113c8-ed04-4119-9118-e358c14ad13f "HTTP/2 200 OK"
INFO:httpx:HTTP Request: GET https://onmjxtyamdpkhnflwwmj.supabase.co/rest/v1/property_managers?select=manager_id&property_id=eq.46262a51-271f-41db-81d6-ce8979f6c48a "HTTP/2 200 OK"
INFO:     127.0.0.1:55011 - "GET /hr/properties HTTP/1.1" 200 OK
WARNING:app.supabase_service_enhanced:SUPABASE_SERVICE_KEY not set, using anon key for admin operations
INFO:app.supabase_service_enhanced:✅ Enhanced Supabase service initialized
INFO:httpx:HTTP Request: GET https://onmjxtyamdpkhnflwwmj.supabase.co/rest/v1/users?select=%2A&id=eq.e5afafa0-1866-4acc-b44c-2b6158bf2d59 "HTTP/2 200 OK"
INFO:httpx:HTTP Request: GET https://onmjxtyamdpkhnflwwmj.supabase.co/rest/v1/properties?select=%2A&id=eq.46262a51-271f-41db-81d6-ce8979f6c48a "HTTP/2 200 OK"
INFO:httpx:HTTP Request: GET https://onmjxtyamdpkhnflwwmj.supabase.co/rest/v1/job_applications?select=%2A&property_id=eq.46262a51-271f-41db-81d6-ce8979f6c48a "HTTP/2 200 OK"
INFO:httpx:HTTP Request: GET https://onmjxtyamdpkhnflwwmj.supabase.co/rest/v1/employees?select=%2A&property_id=eq.46262a51-271f-41db-81d6-ce8979f6c48a "HTTP/2 200 OK"
INFO:httpx:HTTP Request: DELETE https://onmjxtyamdpkhnflwwmj.supabase.co/rest/v1/property_managers?property_id=eq.46262a51-271f-41db-81d6-ce8979f6c48a "HTTP/2 200 OK"
INFO:app.main_enhanced:Removed all manager assignments for property 46262a51-271f-41db-81d6-ce8979f6c48a
INFO:httpx:HTTP Request: PATCH https://onmjxtyamdpkhnflwwmj.supabase.co/rest/v1/users?property_id=eq.46262a51-271f-41db-81d6-ce8979f6c48a "HTTP/2 200 OK"
INFO:app.main_enhanced:Cleared property_id reference from users for property 46262a51-271f-41db-81d6-ce8979f6c48a
INFO:httpx:HTTP Request: PATCH https://onmjxtyamdpkhnflwwmj.supabase.co/rest/v1/bulk_operations?property_id=eq.46262a51-271f-41db-81d6-ce8979f6c48a "HTTP/2 200 OK"
INFO:app.main_enhanced:Cleared property_id reference from bulk_operations for property 46262a51-271f-41db-81d6-ce8979f6c48a
INFO:httpx:HTTP Request: DELETE https://onmjxtyamdpkhnflwwmj.supabase.co/rest/v1/properties?id=eq.46262a51-271f-41db-81d6-ce8979f6c48a "HTTP/2 200 OK"
INFO:     127.0.0.1:55085 - "DELETE /hr/properties/46262a51-271f-41db-81d6-ce8979f6c48a HTTP/1.1" 200 OK
WARNING:app.supabase_service_enhanced:SUPABASE_SERVICE_KEY not set, using anon key for admin operations
INFO:app.supabase_service_enhanced:✅ Enhanced Supabase service initialized
INFO:httpx:HTTP Request: GET https://onmjxtyamdpkhnflwwmj.supabase.co/rest/v1/users?select=%2A&id=eq.e5afafa0-1866-4acc-b44c-2b6158bf2d59 "HTTP/2 200 OK"
INFO:httpx:HTTP Request: GET https://onmjxtyamdpkhnflwwmj.supabase.co/rest/v1/properties?select=%2A "HTTP/2 200 OK"
INFO:app.supabase_service_enhanced:Raw properties from DB: 3 properties found
INFO:app.supabase_service_enhanced:Returning 3 properties
INFO:httpx:HTTP Request: GET https://onmjxtyamdpkhnflwwmj.supabase.co/rest/v1/property_managers?select=manager_id&property_id=eq.b1d60a13-ba0d-45bd-b709-87076abc64dc "HTTP/2 200 OK"
INFO:httpx:HTTP Request: GET https://onmjxtyamdpkhnflwwmj.supabase.co/rest/v1/property_managers?select=manager_id&property_id=eq.44d08c2f-49a7-443c-b1b9-6a5f20c529d2 "HTTP/2 200 OK"
INFO:httpx:HTTP Request: GET https://onmjxtyamdpkhnflwwmj.supabase.co/rest/v1/property_managers?select=manager_id&property_id=eq.628113c8-ed04-4119-9118-e358c14ad13f "HTTP/2 200 OK"
INFO:     127.0.0.1:55100 - "GET /hr/properties HTTP/1.1" 200 OK
WARNING:app.supabase_service_enhanced:SUPABASE_SERVICE_KEY not set, using anon key for admin operations
INFO:app.supabase_service_enhanced:✅ Enhanced Supabase service initialized
INFO:httpx:HTTP Request: GET https://onmjxtyamdpkhnflwwmj.supabase.co/rest/v1/users?select=%2A&id=eq.e5afafa0-1866-4acc-b44c-2b6158bf2d59 "HTTP/2 200 OK"
INFO:httpx:HTTP Request: GET https://onmjxtyamdpkhnflwwmj.supabase.co/rest/v1/properties?select=id&is_active=eq.True "HTTP/2 200 OK"
INFO:httpx:HTTP Request: GET https://onmjxtyamdpkhnflwwmj.supabase.co/rest/v1/users?select=id&role=eq.manager&is_active=eq.True "HTTP/2 200 OK"
INFO:httpx:HTTP Request: GET https://onmjxtyamdpkhnflwwmj.supabase.co/rest/v1/employees?select=id&employment_status=eq.active "HTTP/2 200 OK"
INFO:httpx:HTTP Request: GET https://onmjxtyamdpkhnflwwmj.supabase.co/rest/v1/job_applications?select=id&status=eq.pending "HTTP/2 200 OK"
INFO:httpx:HTTP Request: GET https://onmjxtyamdpkhnflwwmj.supabase.co/rest/v1/job_applications?select=id&status=eq.approved "HTTP/2 200 OK"
INFO:httpx:HTTP Request: GET https://onmjxtyamdpkhnflwwmj.supabase.co/rest/v1/job_applications?select=id "HTTP/2 200 OK"
INFO:httpx:HTTP Request: GET https://onmjxtyamdpkhnflwwmj.supabase.co/rest/v1/employees?select=id&employment_status=eq.active "HTTP/2 200 OK"
INFO:httpx:HTTP Request: GET https://onmjxtyamdpkhnflwwmj.supabase.co/rest/v1/employees?select=id&onboarding_status=in.%28in_progress%2Cemployee_completed%2Cmanager_review%29 "HTTP/2 200 OK"
INFO:     127.0.0.1:56782 - "GET /hr/dashboard-stats HTTP/1.1" 200 OK
WARNING:app.supabase_service_enhanced:SUPABASE_SERVICE_KEY not set, using anon key for admin operations
WARNING:app.supabase_service_enhanced:SUPABASE_SERVICE_KEY not set, using anon key for admin operations
WARNING:app.supabase_service_enhanced:SUPABASE_SERVICE_KEY not set, using anon key for admin operations
INFO:app.supabase_service_enhanced:✅ Enhanced Supabase service initialized
INFO:app.supabase_service_enhanced:✅ Enhanced Supabase service initialized
INFO:app.supabase_service_enhanced:✅ Enhanced Supabase service initialized
INFO:httpx:HTTP Request: GET https://onmjxtyamdpkhnflwwmj.supabase.co/rest/v1/users?select=%2A&id=eq.e5afafa0-1866-4acc-b44c-2b6158bf2d59 "HTTP/2 200 OK"
INFO:httpx:HTTP Request: GET https://onmjxtyamdpkhnflwwmj.supabase.co/rest/v1/users?select=%2A&id=eq.e5afafa0-1866-4acc-b44c-2b6158bf2d59 "HTTP/2 200 OK"
INFO:httpx:HTTP Request: GET https://onmjxtyamdpkhnflwwmj.supabase.co/rest/v1/users?select=%2A&id=eq.e5afafa0-1866-4acc-b44c-2b6158bf2d59 "HTTP/2 200 OK"
INFO:httpx:HTTP Request: GET https://onmjxtyamdpkhnflwwmj.supabase.co/rest/v1/users?select=%2A&role=eq.manager&is_active=eq.True "HTTP/2 200 OK"
INFO:httpx:HTTP Request: GET https://onmjxtyamdpkhnflwwmj.supabase.co/rest/v1/property_managers?select=properties%28%2A%29&manager_id=eq.59356bfe-9c80-4871-81e5-2fa4496b5781 "HTTP/2 200 OK"
INFO:httpx:HTTP Request: GET https://onmjxtyamdpkhnflwwmj.supabase.co/rest/v1/property_managers?select=properties%28%2A%29&manager_id=eq.bcfc5697-11cc-4c67-aef4-6bed8d84ecbb "HTTP/2 200 OK"
INFO:httpx:HTTP Request: GET https://onmjxtyamdpkhnflwwmj.supabase.co/rest/v1/property_managers?select=properties%28%2A%29&manager_id=eq.5a328344-c9db-415b-b8cf-5079554949dd "HTTP/2 200 OK"
INFO:httpx:HTTP Request: GET https://onmjxtyamdpkhnflwwmj.supabase.co/rest/v1/property_managers?select=properties%28%2A%29&manager_id=eq.959a01a6-6bb1-4bbb-a779-acaff92518f4 "HTTP/2 200 OK"
INFO:httpx:HTTP Request: GET https://onmjxtyamdpkhnflwwmj.supabase.co/rest/v1/properties?select=%2A "HTTP/2 200 OK"
INFO:app.supabase_service_enhanced:Raw properties from DB: 3 properties found
INFO:app.supabase_service_enhanced:Returning 3 properties
INFO:httpx:HTTP Request: GET https://onmjxtyamdpkhnflwwmj.supabase.co/rest/v1/property_managers?select=manager_id&property_id=eq.b1d60a13-ba0d-45bd-b709-87076abc64dc "HTTP/2 200 OK"
INFO:httpx:HTTP Request: GET https://onmjxtyamdpkhnflwwmj.supabase.co/rest/v1/property_managers?select=manager_id&property_id=eq.44d08c2f-49a7-443c-b1b9-6a5f20c529d2 "HTTP/2 200 OK"
INFO:httpx:HTTP Request: GET https://onmjxtyamdpkhnflwwmj.supabase.co/rest/v1/property_managers?select=manager_id&property_id=eq.628113c8-ed04-4119-9118-e358c14ad13f "HTTP/2 200 OK"
INFO:     127.0.0.1:57853 - "GET /hr/managers HTTP/1.1" 200 OK
INFO:     127.0.0.1:57852 - "GET /hr/properties HTTP/1.1" 200 OK
INFO:httpx:HTTP Request: GET https://onmjxtyamdpkhnflwwmj.supabase.co/rest/v1/properties?select=id&is_active=eq.True "HTTP/2 200 OK"
INFO:httpx:HTTP Request: GET https://onmjxtyamdpkhnflwwmj.supabase.co/rest/v1/users?select=id&role=eq.manager&is_active=eq.True "HTTP/2 200 OK"
INFO:httpx:HTTP Request: GET https://onmjxtyamdpkhnflwwmj.supabase.co/rest/v1/employees?select=id&employment_status=eq.active "HTTP/2 200 OK"
INFO:httpx:HTTP Request: GET https://onmjxtyamdpkhnflwwmj.supabase.co/rest/v1/job_applications?select=id&status=eq.pending "HTTP/2 200 OK"
INFO:httpx:HTTP Request: GET https://onmjxtyamdpkhnflwwmj.supabase.co/rest/v1/job_applications?select=id&status=eq.approved "HTTP/2 200 OK"
INFO:httpx:HTTP Request: GET https://onmjxtyamdpkhnflwwmj.supabase.co/rest/v1/job_applications?select=id "HTTP/2 200 OK"
INFO:httpx:HTTP Request: GET https://onmjxtyamdpkhnflwwmj.supabase.co/rest/v1/employees?select=id&employment_status=eq.active "HTTP/2 200 OK"
INFO:httpx:HTTP Request: GET https://onmjxtyamdpkhnflwwmj.supabase.co/rest/v1/employees?select=id&onboarding_status=in.%28in_progress%2Cemployee_completed%2Cmanager_review%29 "HTTP/2 200 OK"
INFO:     127.0.0.1:57851 - "GET /hr/dashboard-stats HTTP/1.1" 200 OK
WARNING:app.supabase_service_enhanced:SUPABASE_SERVICE_KEY not set, using anon key for admin operations
INFO:app.supabase_service_enhanced:✅ Enhanced Supabase service initialized
WARNING:app.supabase_service_enhanced:SUPABASE_SERVICE_KEY not set, using anon key for admin operations
INFO:app.supabase_service_enhanced:✅ Enhanced Supabase service initialized
WARNING:app.supabase_service_enhanced:SUPABASE_SERVICE_KEY not set, using anon key for admin operations
INFO:app.supabase_service_enhanced:✅ Enhanced Supabase service initialized
INFO:httpx:HTTP Request: GET https://onmjxtyamdpkhnflwwmj.supabase.co/rest/v1/users?select=%2A&id=eq.e5afafa0-1866-4acc-b44c-2b6158bf2d59 "HTTP/2 200 OK"
INFO:httpx:HTTP Request: GET https://onmjxtyamdpkhnflwwmj.supabase.co/rest/v1/users?select=%2A&id=eq.e5afafa0-1866-4acc-b44c-2b6158bf2d59 "HTTP/2 200 OK"
INFO:httpx:HTTP Request: GET https://onmjxtyamdpkhnflwwmj.supabase.co/rest/v1/users?select=%2A&id=eq.e5afafa0-1866-4acc-b44c-2b6158bf2d59 "HTTP/2 200 OK"
INFO:httpx:HTTP Request: GET https://onmjxtyamdpkhnflwwmj.supabase.co/rest/v1/users?select=%2A&role=eq.manager&is_active=eq.True "HTTP/2 200 OK"
INFO:httpx:HTTP Request: GET https://onmjxtyamdpkhnflwwmj.supabase.co/rest/v1/property_managers?select=properties%28%2A%29&manager_id=eq.59356bfe-9c80-4871-81e5-2fa4496b5781 "HTTP/2 200 OK"
INFO:httpx:HTTP Request: GET https://onmjxtyamdpkhnflwwmj.supabase.co/rest/v1/property_managers?select=properties%28%2A%29&manager_id=eq.bcfc5697-11cc-4c67-aef4-6bed8d84ecbb "HTTP/2 200 OK"
INFO:httpx:HTTP Request: GET https://onmjxtyamdpkhnflwwmj.supabase.co/rest/v1/property_managers?select=properties%28%2A%29&manager_id=eq.5a328344-c9db-415b-b8cf-5079554949dd "HTTP/2 200 OK"
INFO:httpx:HTTP Request: GET https://onmjxtyamdpkhnflwwmj.supabase.co/rest/v1/property_managers?select=properties%28%2A%29&manager_id=eq.959a01a6-6bb1-4bbb-a779-acaff92518f4 "HTTP/2 200 OK"
INFO:     127.0.0.1:57887 - "GET /hr/managers HTTP/1.1" 200 OK
INFO:httpx:HTTP Request: GET https://onmjxtyamdpkhnflwwmj.supabase.co/rest/v1/properties?select=id&is_active=eq.True "HTTP/2 200 OK"
INFO:httpx:HTTP Request: GET https://onmjxtyamdpkhnflwwmj.supabase.co/rest/v1/users?select=id&role=eq.manager&is_active=eq.True "HTTP/2 200 OK"
INFO:httpx:HTTP Request: GET https://onmjxtyamdpkhnflwwmj.supabase.co/rest/v1/employees?select=id&employment_status=eq.active "HTTP/2 200 OK"
INFO:httpx:HTTP Request: GET https://onmjxtyamdpkhnflwwmj.supabase.co/rest/v1/job_applications?select=id&status=eq.pending "HTTP/2 200 OK"
INFO:httpx:HTTP Request: GET https://onmjxtyamdpkhnflwwmj.supabase.co/rest/v1/job_applications?select=id&status=eq.approved "HTTP/2 200 OK"
INFO:httpx:HTTP Request: GET https://onmjxtyamdpkhnflwwmj.supabase.co/rest/v1/job_applications?select=id "HTTP/2 200 OK"
INFO:httpx:HTTP Request: GET https://onmjxtyamdpkhnflwwmj.supabase.co/rest/v1/employees?select=id&employment_status=eq.active "HTTP/2 200 OK"
INFO:httpx:HTTP Request: GET https://onmjxtyamdpkhnflwwmj.supabase.co/rest/v1/employees?select=id&onboarding_status=in.%28in_progress%2Cemployee_completed%2Cmanager_review%29 "HTTP/2 200 OK"
INFO:httpx:HTTP Request: GET https://onmjxtyamdpkhnflwwmj.supabase.co/rest/v1/properties?select=%2A "HTTP/2 200 OK"
INFO:app.supabase_service_enhanced:Raw properties from DB: 3 properties found
INFO:app.supabase_service_enhanced:Returning 3 properties
INFO:httpx:HTTP Request: GET https://onmjxtyamdpkhnflwwmj.supabase.co/rest/v1/property_managers?select=manager_id&property_id=eq.b1d60a13-ba0d-45bd-b709-87076abc64dc "HTTP/2 200 OK"
INFO:httpx:HTTP Request: GET https://onmjxtyamdpkhnflwwmj.supabase.co/rest/v1/property_managers?select=manager_id&property_id=eq.44d08c2f-49a7-443c-b1b9-6a5f20c529d2 "HTTP/2 200 OK"
INFO:httpx:HTTP Request: GET https://onmjxtyamdpkhnflwwmj.supabase.co/rest/v1/property_managers?select=manager_id&property_id=eq.628113c8-ed04-4119-9118-e358c14ad13f "HTTP/2 200 OK"
INFO:     127.0.0.1:57895 - "GET /hr/dashboard-stats HTTP/1.1" 200 OK
INFO:     127.0.0.1:57888 - "GET /hr/properties HTTP/1.1" 200 OK
WARNING:app.supabase_service_enhanced:SUPABASE_SERVICE_KEY not set, using anon key for admin operations
WARNING:app.supabase_service_enhanced:SUPABASE_SERVICE_KEY not set, using anon key for admin operations
INFO:app.supabase_service_enhanced:✅ Enhanced Supabase service initialized
INFO:app.supabase_service_enhanced:✅ Enhanced Supabase service initialized
INFO:httpx:HTTP Request: GET https://onmjxtyamdpkhnflwwmj.supabase.co/rest/v1/users?select=%2A&id=eq.e5afafa0-1866-4acc-b44c-2b6158bf2d59 "HTTP/2 200 OK"
INFO:httpx:HTTP Request: GET https://onmjxtyamdpkhnflwwmj.supabase.co/rest/v1/users?select=%2A&id=eq.e5afafa0-1866-4acc-b44c-2b6158bf2d59 "HTTP/2 200 OK"
INFO:httpx:HTTP Request: GET https://onmjxtyamdpkhnflwwmj.supabase.co/rest/v1/users?select=%2A&role=eq.manager&is_active=eq.True "HTTP/2 200 OK"
INFO:httpx:HTTP Request: GET https://onmjxtyamdpkhnflwwmj.supabase.co/rest/v1/property_managers?select=properties%28%2A%29&manager_id=eq.59356bfe-9c80-4871-81e5-2fa4496b5781 "HTTP/2 200 OK"
INFO:httpx:HTTP Request: GET https://onmjxtyamdpkhnflwwmj.supabase.co/rest/v1/property_managers?select=properties%28%2A%29&manager_id=eq.bcfc5697-11cc-4c67-aef4-6bed8d84ecbb "HTTP/2 200 OK"
INFO:httpx:HTTP Request: GET https://onmjxtyamdpkhnflwwmj.supabase.co/rest/v1/property_managers?select=properties%28%2A%29&manager_id=eq.5a328344-c9db-415b-b8cf-5079554949dd "HTTP/2 200 OK"
INFO:httpx:HTTP Request: GET https://onmjxtyamdpkhnflwwmj.supabase.co/rest/v1/property_managers?select=properties%28%2A%29&manager_id=eq.959a01a6-6bb1-4bbb-a779-acaff92518f4 "HTTP/2 200 OK"
INFO:httpx:HTTP Request: GET https://onmjxtyamdpkhnflwwmj.supabase.co/rest/v1/properties?select=%2A "HTTP/2 200 OK"
INFO:app.supabase_service_enhanced:Raw properties from DB: 3 properties found
INFO:app.supabase_service_enhanced:Returning 3 properties
INFO:httpx:HTTP Request: GET https://onmjxtyamdpkhnflwwmj.supabase.co/rest/v1/property_managers?select=manager_id&property_id=eq.b1d60a13-ba0d-45bd-b709-87076abc64dc "HTTP/2 200 OK"
INFO:httpx:HTTP Request: GET https://onmjxtyamdpkhnflwwmj.supabase.co/rest/v1/property_managers?select=manager_id&property_id=eq.44d08c2f-49a7-443c-b1b9-6a5f20c529d2 "HTTP/2 200 OK"
INFO:httpx:HTTP Request: GET https://onmjxtyamdpkhnflwwmj.supabase.co/rest/v1/property_managers?select=manager_id&property_id=eq.628113c8-ed04-4119-9118-e358c14ad13f "HTTP/2 200 OK"
INFO:     127.0.0.1:58059 - "GET /hr/managers HTTP/1.1" 200 OK
INFO:     127.0.0.1:58060 - "GET /hr/properties HTTP/1.1" 200 OK
WARNING:app.supabase_service_enhanced:SUPABASE_SERVICE_KEY not set, using anon key for admin operations
INFO:app.supabase_service_enhanced:✅ Enhanced Supabase service initialized
WARNING:app.supabase_service_enhanced:SUPABASE_SERVICE_KEY not set, using anon key for admin operations
INFO:app.supabase_service_enhanced:✅ Enhanced Supabase service initialized
INFO:httpx:HTTP Request: GET https://onmjxtyamdpkhnflwwmj.supabase.co/rest/v1/users?select=%2A&id=eq.e5afafa0-1866-4acc-b44c-2b6158bf2d59 "HTTP/2 200 OK"
INFO:httpx:HTTP Request: GET https://onmjxtyamdpkhnflwwmj.supabase.co/rest/v1/users?select=%2A&id=eq.e5afafa0-1866-4acc-b44c-2b6158bf2d59 "HTTP/2 200 OK"
INFO:httpx:HTTP Request: GET https://onmjxtyamdpkhnflwwmj.supabase.co/rest/v1/properties?select=%2A "HTTP/2 200 OK"
INFO:app.supabase_service_enhanced:Raw properties from DB: 3 properties found
INFO:app.supabase_service_enhanced:Returning 3 properties
INFO:httpx:HTTP Request: GET https://onmjxtyamdpkhnflwwmj.supabase.co/rest/v1/property_managers?select=manager_id&property_id=eq.b1d60a13-ba0d-45bd-b709-87076abc64dc "HTTP/2 200 OK"
INFO:httpx:HTTP Request: GET https://onmjxtyamdpkhnflwwmj.supabase.co/rest/v1/property_managers?select=manager_id&property_id=eq.44d08c2f-49a7-443c-b1b9-6a5f20c529d2 "HTTP/2 200 OK"
INFO:httpx:HTTP Request: GET https://onmjxtyamdpkhnflwwmj.supabase.co/rest/v1/property_managers?select=manager_id&property_id=eq.628113c8-ed04-4119-9118-e358c14ad13f "HTTP/2 200 OK"
INFO:httpx:HTTP Request: GET https://onmjxtyamdpkhnflwwmj.supabase.co/rest/v1/users?select=%2A&role=eq.manager&is_active=eq.True "HTTP/2 200 OK"
INFO:httpx:HTTP Request: GET https://onmjxtyamdpkhnflwwmj.supabase.co/rest/v1/property_managers?select=properties%28%2A%29&manager_id=eq.59356bfe-9c80-4871-81e5-2fa4496b5781 "HTTP/2 200 OK"
INFO:httpx:HTTP Request: GET https://onmjxtyamdpkhnflwwmj.supabase.co/rest/v1/property_managers?select=properties%28%2A%29&manager_id=eq.bcfc5697-11cc-4c67-aef4-6bed8d84ecbb "HTTP/2 200 OK"
INFO:httpx:HTTP Request: GET https://onmjxtyamdpkhnflwwmj.supabase.co/rest/v1/property_managers?select=properties%28%2A%29&manager_id=eq.5a328344-c9db-415b-b8cf-5079554949dd "HTTP/2 200 OK"
INFO:httpx:HTTP Request: GET https://onmjxtyamdpkhnflwwmj.supabase.co/rest/v1/property_managers?select=properties%28%2A%29&manager_id=eq.959a01a6-6bb1-4bbb-a779-acaff92518f4 "HTTP/2 200 OK"
INFO:     127.0.0.1:58085 - "GET /hr/properties HTTP/1.1" 200 OK
INFO:     127.0.0.1:58083 - "GET /hr/managers HTTP/1.1" 200 OK
WARNING:app.supabase_service_enhanced:SUPABASE_SERVICE_KEY not set, using anon key for admin operations
INFO:app.supabase_service_enhanced:✅ Enhanced Supabase service initialized
WARNING:app.supabase_service_enhanced:SUPABASE_SERVICE_KEY not set, using anon key for admin operations
INFO:app.supabase_service_enhanced:✅ Enhanced Supabase service initialized
INFO:httpx:HTTP Request: GET https://onmjxtyamdpkhnflwwmj.supabase.co/rest/v1/users?select=%2A&id=eq.e5afafa0-1866-4acc-b44c-2b6158bf2d59 "HTTP/2 200 OK"
INFO:httpx:HTTP Request: GET https://onmjxtyamdpkhnflwwmj.supabase.co/rest/v1/users?select=%2A&id=eq.e5afafa0-1866-4acc-b44c-2b6158bf2d59 "HTTP/2 200 OK"
INFO:httpx:HTTP Request: GET https://onmjxtyamdpkhnflwwmj.supabase.co/rest/v1/properties?select=%2A "HTTP/2 200 OK"
INFO:app.supabase_service_enhanced:Raw properties from DB: 3 properties found
INFO:app.supabase_service_enhanced:Returning 3 properties
INFO:httpx:HTTP Request: GET https://onmjxtyamdpkhnflwwmj.supabase.co/rest/v1/property_managers?select=manager_id&property_id=eq.b1d60a13-ba0d-45bd-b709-87076abc64dc "HTTP/2 200 OK"
INFO:httpx:HTTP Request: GET https://onmjxtyamdpkhnflwwmj.supabase.co/rest/v1/property_managers?select=manager_id&property_id=eq.44d08c2f-49a7-443c-b1b9-6a5f20c529d2 "HTTP/2 200 OK"
INFO:httpx:HTTP Request: GET https://onmjxtyamdpkhnflwwmj.supabase.co/rest/v1/property_managers?select=manager_id&property_id=eq.628113c8-ed04-4119-9118-e358c14ad13f "HTTP/2 200 OK"
INFO:httpx:HTTP Request: GET https://onmjxtyamdpkhnflwwmj.supabase.co/rest/v1/users?select=%2A&role=eq.manager&is_active=eq.True "HTTP/2 200 OK"
INFO:httpx:HTTP Request: GET https://onmjxtyamdpkhnflwwmj.supabase.co/rest/v1/property_managers?select=properties%28%2A%29&manager_id=eq.59356bfe-9c80-4871-81e5-2fa4496b5781 "HTTP/2 200 OK"
INFO:httpx:HTTP Request: GET https://onmjxtyamdpkhnflwwmj.supabase.co/rest/v1/property_managers?select=properties%28%2A%29&manager_id=eq.bcfc5697-11cc-4c67-aef4-6bed8d84ecbb "HTTP/2 200 OK"
INFO:httpx:HTTP Request: GET https://onmjxtyamdpkhnflwwmj.supabase.co/rest/v1/property_managers?select=properties%28%2A%29&manager_id=eq.5a328344-c9db-415b-b8cf-5079554949dd "HTTP/2 200 OK"
INFO:httpx:HTTP Request: GET https://onmjxtyamdpkhnflwwmj.supabase.co/rest/v1/property_managers?select=properties%28%2A%29&manager_id=eq.959a01a6-6bb1-4bbb-a779-acaff92518f4 "HTTP/2 200 OK"
INFO:     127.0.0.1:58103 - "GET /hr/properties HTTP/1.1" 200 OK
INFO:     127.0.0.1:58104 - "GET /hr/managers HTTP/1.1" 200 OK
WARNING:app.supabase_service_enhanced:SUPABASE_SERVICE_KEY not set, using anon key for admin operations
INFO:app.supabase_service_enhanced:✅ Enhanced Supabase service initialized
WARNING:app.supabase_service_enhanced:SUPABASE_SERVICE_KEY not set, using anon key for admin operations
INFO:app.supabase_service_enhanced:✅ Enhanced Supabase service initialized
INFO:httpx:HTTP Request: GET https://onmjxtyamdpkhnflwwmj.supabase.co/rest/v1/users?select=%2A&id=eq.e5afafa0-1866-4acc-b44c-2b6158bf2d59 "HTTP/2 200 OK"
INFO:httpx:HTTP Request: GET https://onmjxtyamdpkhnflwwmj.supabase.co/rest/v1/users?select=%2A&id=eq.e5afafa0-1866-4acc-b44c-2b6158bf2d59 "HTTP/2 200 OK"
INFO:httpx:HTTP Request: GET https://onmjxtyamdpkhnflwwmj.supabase.co/rest/v1/properties?select=%2A "HTTP/2 200 OK"
INFO:app.supabase_service_enhanced:Raw properties from DB: 3 properties found
INFO:app.supabase_service_enhanced:Returning 3 properties
INFO:httpx:HTTP Request: GET https://onmjxtyamdpkhnflwwmj.supabase.co/rest/v1/property_managers?select=manager_id&property_id=eq.b1d60a13-ba0d-45bd-b709-87076abc64dc "HTTP/2 200 OK"
INFO:httpx:HTTP Request: GET https://onmjxtyamdpkhnflwwmj.supabase.co/rest/v1/property_managers?select=manager_id&property_id=eq.44d08c2f-49a7-443c-b1b9-6a5f20c529d2 "HTTP/2 200 OK"
INFO:httpx:HTTP Request: GET https://onmjxtyamdpkhnflwwmj.supabase.co/rest/v1/property_managers?select=manager_id&property_id=eq.628113c8-ed04-4119-9118-e358c14ad13f "HTTP/2 200 OK"
INFO:     127.0.0.1:58119 - "GET /hr/properties HTTP/1.1" 200 OK
INFO:httpx:HTTP Request: GET https://onmjxtyamdpkhnflwwmj.supabase.co/rest/v1/users?select=%2A&role=eq.manager&is_active=eq.True "HTTP/2 200 OK"
INFO:httpx:HTTP Request: GET https://onmjxtyamdpkhnflwwmj.supabase.co/rest/v1/property_managers?select=properties%28%2A%29&manager_id=eq.59356bfe-9c80-4871-81e5-2fa4496b5781 "HTTP/2 200 OK"
INFO:httpx:HTTP Request: GET https://onmjxtyamdpkhnflwwmj.supabase.co/rest/v1/property_managers?select=properties%28%2A%29&manager_id=eq.bcfc5697-11cc-4c67-aef4-6bed8d84ecbb "HTTP/2 200 OK"
INFO:httpx:HTTP Request: GET https://onmjxtyamdpkhnflwwmj.supabase.co/rest/v1/property_managers?select=properties%28%2A%29&manager_id=eq.5a328344-c9db-415b-b8cf-5079554949dd "HTTP/2 200 OK"
INFO:httpx:HTTP Request: GET https://onmjxtyamdpkhnflwwmj.supabase.co/rest/v1/property_managers?select=properties%28%2A%29&manager_id=eq.959a01a6-6bb1-4bbb-a779-acaff92518f4 "HTTP/2 200 OK"
INFO:     127.0.0.1:58120 - "GET /hr/managers HTTP/1.1" 200 OK
WARNING:app.supabase_service_enhanced:SUPABASE_SERVICE_KEY not set, using anon key for admin operations
WARNING:app.supabase_service_enhanced:SUPABASE_SERVICE_KEY not set, using anon key for admin operations
INFO:app.supabase_service_enhanced:✅ Enhanced Supabase service initialized
INFO:app.supabase_service_enhanced:✅ Enhanced Supabase service initialized
INFO:httpx:HTTP Request: GET https://onmjxtyamdpkhnflwwmj.supabase.co/rest/v1/users?select=%2A&id=eq.e5afafa0-1866-4acc-b44c-2b6158bf2d59 "HTTP/2 200 OK"
INFO:httpx:HTTP Request: GET https://onmjxtyamdpkhnflwwmj.supabase.co/rest/v1/users?select=%2A&id=eq.e5afafa0-1866-4acc-b44c-2b6158bf2d59 "HTTP/2 200 OK"
INFO:httpx:HTTP Request: GET https://onmjxtyamdpkhnflwwmj.supabase.co/rest/v1/users?select=%2A&role=eq.manager&is_active=eq.True "HTTP/2 200 OK"
INFO:httpx:HTTP Request: GET https://onmjxtyamdpkhnflwwmj.supabase.co/rest/v1/property_managers?select=properties%28%2A%29&manager_id=eq.59356bfe-9c80-4871-81e5-2fa4496b5781 "HTTP/2 200 OK"
INFO:httpx:HTTP Request: GET https://onmjxtyamdpkhnflwwmj.supabase.co/rest/v1/property_managers?select=properties%28%2A%29&manager_id=eq.bcfc5697-11cc-4c67-aef4-6bed8d84ecbb "HTTP/2 200 OK"
INFO:httpx:HTTP Request: GET https://onmjxtyamdpkhnflwwmj.supabase.co/rest/v1/property_managers?select=properties%28%2A%29&manager_id=eq.5a328344-c9db-415b-b8cf-5079554949dd "HTTP/2 200 OK"
INFO:httpx:HTTP Request: GET https://onmjxtyamdpkhnflwwmj.supabase.co/rest/v1/property_managers?select=properties%28%2A%29&manager_id=eq.959a01a6-6bb1-4bbb-a779-acaff92518f4 "HTTP/2 200 OK"
INFO:     127.0.0.1:58606 - "GET /hr/managers HTTP/1.1" 200 OK
INFO:httpx:HTTP Request: GET https://onmjxtyamdpkhnflwwmj.supabase.co/rest/v1/properties?select=%2A "HTTP/2 200 OK"
INFO:app.supabase_service_enhanced:Raw properties from DB: 3 properties found
INFO:app.supabase_service_enhanced:Returning 3 properties
INFO:httpx:HTTP Request: GET https://onmjxtyamdpkhnflwwmj.supabase.co/rest/v1/property_managers?select=manager_id&property_id=eq.b1d60a13-ba0d-45bd-b709-87076abc64dc "HTTP/2 200 OK"
INFO:httpx:HTTP Request: GET https://onmjxtyamdpkhnflwwmj.supabase.co/rest/v1/property_managers?select=manager_id&property_id=eq.44d08c2f-49a7-443c-b1b9-6a5f20c529d2 "HTTP/2 200 OK"
INFO:httpx:HTTP Request: GET https://onmjxtyamdpkhnflwwmj.supabase.co/rest/v1/property_managers?select=manager_id&property_id=eq.628113c8-ed04-4119-9118-e358c14ad13f "HTTP/2 200 OK"
INFO:     127.0.0.1:58608 - "GET /hr/properties HTTP/1.1" 200 OK
WARNING:app.supabase_service_enhanced:SUPABASE_SERVICE_KEY not set, using anon key for admin operations
INFO:app.supabase_service_enhanced:✅ Enhanced Supabase service initialized
WARNING:app.supabase_service_enhanced:SUPABASE_SERVICE_KEY not set, using anon key for admin operations
INFO:app.supabase_service_enhanced:✅ Enhanced Supabase service initialized
INFO:httpx:HTTP Request: GET https://onmjxtyamdpkhnflwwmj.supabase.co/rest/v1/users?select=%2A&id=eq.e5afafa0-1866-4acc-b44c-2b6158bf2d59 "HTTP/2 200 OK"
INFO:httpx:HTTP Request: GET https://onmjxtyamdpkhnflwwmj.supabase.co/rest/v1/users?select=%2A&id=eq.e5afafa0-1866-4acc-b44c-2b6158bf2d59 "HTTP/2 200 OK"
INFO:httpx:HTTP Request: GET https://onmjxtyamdpkhnflwwmj.supabase.co/rest/v1/users?select=%2A&role=eq.manager&is_active=eq.True "HTTP/2 200 OK"
INFO:httpx:HTTP Request: GET https://onmjxtyamdpkhnflwwmj.supabase.co/rest/v1/property_managers?select=properties%28%2A%29&manager_id=eq.59356bfe-9c80-4871-81e5-2fa4496b5781 "HTTP/2 200 OK"
INFO:httpx:HTTP Request: GET https://onmjxtyamdpkhnflwwmj.supabase.co/rest/v1/property_managers?select=properties%28%2A%29&manager_id=eq.bcfc5697-11cc-4c67-aef4-6bed8d84ecbb "HTTP/2 200 OK"
INFO:httpx:HTTP Request: GET https://onmjxtyamdpkhnflwwmj.supabase.co/rest/v1/property_managers?select=properties%28%2A%29&manager_id=eq.5a328344-c9db-415b-b8cf-5079554949dd "HTTP/2 200 OK"
INFO:httpx:HTTP Request: GET https://onmjxtyamdpkhnflwwmj.supabase.co/rest/v1/property_managers?select=properties%28%2A%29&manager_id=eq.959a01a6-6bb1-4bbb-a779-acaff92518f4 "HTTP/2 200 OK"
INFO:httpx:HTTP Request: GET https://onmjxtyamdpkhnflwwmj.supabase.co/rest/v1/properties?select=%2A "HTTP/2 200 OK"
INFO:app.supabase_service_enhanced:Raw properties from DB: 3 properties found
INFO:app.supabase_service_enhanced:Returning 3 properties
INFO:httpx:HTTP Request: GET https://onmjxtyamdpkhnflwwmj.supabase.co/rest/v1/property_managers?select=manager_id&property_id=eq.b1d60a13-ba0d-45bd-b709-87076abc64dc "HTTP/2 200 OK"
INFO:httpx:HTTP Request: GET https://onmjxtyamdpkhnflwwmj.supabase.co/rest/v1/property_managers?select=manager_id&property_id=eq.44d08c2f-49a7-443c-b1b9-6a5f20c529d2 "HTTP/2 200 OK"
INFO:httpx:HTTP Request: GET https://onmjxtyamdpkhnflwwmj.supabase.co/rest/v1/property_managers?select=manager_id&property_id=eq.628113c8-ed04-4119-9118-e358c14ad13f "HTTP/2 200 OK"
INFO:     127.0.0.1:58620 - "GET /hr/managers HTTP/1.1" 200 OK
INFO:     127.0.0.1:58627 - "GET /hr/properties HTTP/1.1" 200 OK
INFO:httpx:HTTP Request: GET https://onmjxtyamdpkhnflwwmj.supabase.co/rest/v1/users?select=%2A&email=eq.gouthi321%40123.com "HTTP/2 200 OK"
INFO:     127.0.0.1:58774 - "POST /auth/login HTTP/1.1" 401 Unauthorized
INFO:httpx:HTTP Request: GET https://onmjxtyamdpkhnflwwmj.supabase.co/rest/v1/users?select=%2A&email=eq.gouthi321%40123.com "HTTP/2 200 OK"
INFO:     127.0.0.1:58920 - "POST /auth/login HTTP/1.1" 401 Unauthorized
INFO:     127.0.0.1:61376 - "POST /api/test/generate-onboarding-token HTTP/1.1" 200 OK
INFO:     127.0.0.1:61382 - "POST /api/test/generate-onboarding-token HTTP/1.1" 200 OK
INFO:httpx:HTTP Request: GET https://onmjxtyamdpkhnflwwmj.supabase.co/rest/v1/users?select=id&limit=1 "HTTP/2 200 OK"
INFO:httpx:HTTP Request: GET https://onmjxtyamdpkhnflwwmj.supabase.co/rest/v1/onboarding_form_data?select=%2A&employee_id=eq.test-emp-1a2bd0fa&step_id=eq.personal-info "HTTP/2 200 OK"
INFO:httpx:HTTP Request: GET https://onmjxtyamdpkhnflwwmj.supabase.co/rest/v1/onboarding_form_data?select=%2A&employee_id=eq.test-emp-1a2bd0fa&step_id=eq.i9-complete "HTTP/2 200 OK"
INFO:httpx:HTTP Request: GET https://onmjxtyamdpkhnflwwmj.supabase.co/rest/v1/onboarding_form_data?select=%2A&employee_id=eq.test-emp-1a2bd0fa&step_id=eq.i9-section1 "HTTP/2 200 OK"
INFO:httpx:HTTP Request: GET https://onmjxtyamdpkhnflwwmj.supabase.co/rest/v1/onboarding_form_data?select=%2A&employee_id=eq.test-emp-1a2bd0fa&step_id=eq.i9-section2 "HTTP/2 200 OK"
INFO:httpx:HTTP Request: GET https://onmjxtyamdpkhnflwwmj.supabase.co/rest/v1/onboarding_form_data?select=%2A&employee_id=eq.test-emp-1a2bd0fa&step_id=eq.w4-form "HTTP/2 200 OK"
INFO:httpx:HTTP Request: GET https://onmjxtyamdpkhnflwwmj.supabase.co/rest/v1/onboarding_form_data?select=%2A&employee_id=eq.test-emp-1a2bd0fa&step_id=eq.company-policies "HTTP/2 200 OK"
INFO:httpx:HTTP Request: GET https://onmjxtyamdpkhnflwwmj.supabase.co/rest/v1/onboarding_form_data?select=%2A&employee_id=eq.test-emp-1a2bd0fa&step_id=eq.direct-deposit "HTTP/2 200 OK"
INFO:     127.0.0.1:61766 - "GET /healthz HTTP/1.1" 200 OK
INFO:     127.0.0.1:61767 - "GET /api/onboarding/session/eyJhbGciOiJIUzI1NiIsInR5cCI6IkpXVCJ9.eyJlbXBsb3llZV9pZCI6InRlc3QtZW1wLTFhMmJkMGZhIiwiYXBwbGljYXRpb25faWQiOm51bGwsInRva2VuX3R5cGUiOiJvbmJvYXJkaW5nIiwiaWF0IjoxNzU0NjIzMTkxLCJleHAiOjE3NTUyMjc5OTEsImp0aSI6IlZ5b2U4d0JBNjJrRWg5WVllaERhYmcifQ.CDpZaV3HTI-mxU5AgQtDGTAOmE6EL0s2zUo4qgiSoJ4 HTTP/1.1" 200 OK
INFO:httpx:HTTP Request: GET https://onmjxtyamdpkhnflwwmj.supabase.co/rest/v1/users?select=id&limit=1 "HTTP/2 200 OK"
INFO:httpx:HTTP Request: GET https://onmjxtyamdpkhnflwwmj.supabase.co/rest/v1/onboarding_form_data?select=%2A&employee_id=eq.test-emp-1a2bd0fa&step_id=eq.personal-info "HTTP/2 200 OK"
INFO:httpx:HTTP Request: GET https://onmjxtyamdpkhnflwwmj.supabase.co/rest/v1/onboarding_form_data?select=%2A&employee_id=eq.test-emp-1a2bd0fa&step_id=eq.i9-complete "HTTP/2 200 OK"
INFO:httpx:HTTP Request: GET https://onmjxtyamdpkhnflwwmj.supabase.co/rest/v1/onboarding_form_data?select=%2A&employee_id=eq.test-emp-1a2bd0fa&step_id=eq.i9-section1 "HTTP/2 200 OK"
INFO:httpx:HTTP Request: GET https://onmjxtyamdpkhnflwwmj.supabase.co/rest/v1/onboarding_form_data?select=%2A&employee_id=eq.test-emp-1a2bd0fa&step_id=eq.i9-section2 "HTTP/2 200 OK"
INFO:httpx:HTTP Request: GET https://onmjxtyamdpkhnflwwmj.supabase.co/rest/v1/onboarding_form_data?select=%2A&employee_id=eq.test-emp-1a2bd0fa&step_id=eq.w4-form "HTTP/2 200 OK"
INFO:httpx:HTTP Request: GET https://onmjxtyamdpkhnflwwmj.supabase.co/rest/v1/onboarding_form_data?select=%2A&employee_id=eq.test-emp-1a2bd0fa&step_id=eq.company-policies "HTTP/2 200 OK"
INFO:httpx:HTTP Request: GET https://onmjxtyamdpkhnflwwmj.supabase.co/rest/v1/onboarding_form_data?select=%2A&employee_id=eq.test-emp-1a2bd0fa&step_id=eq.direct-deposit "HTTP/2 200 OK"
INFO:     127.0.0.1:61775 - "GET /healthz HTTP/1.1" 200 OK
INFO:     127.0.0.1:61776 - "GET /api/onboarding/session/eyJhbGciOiJIUzI1NiIsInR5cCI6IkpXVCJ9.eyJlbXBsb3llZV9pZCI6InRlc3QtZW1wLTFhMmJkMGZhIiwiYXBwbGljYXRpb25faWQiOm51bGwsInRva2VuX3R5cGUiOiJvbmJvYXJkaW5nIiwiaWF0IjoxNzU0NjIzMTkxLCJleHAiOjE3NTUyMjc5OTEsImp0aSI6IlZ5b2U4d0JBNjJrRWg5WVllaERhYmcifQ.CDpZaV3HTI-mxU5AgQtDGTAOmE6EL0s2zUo4qgiSoJ4 HTTP/1.1" 200 OK
INFO:     127.0.0.1:61861 - "POST /api/onboarding/test-emp-1a2bd0fa/complete/welcome HTTP/1.1" 200 OK
INFO:httpx:HTTP Request: GET https://onmjxtyamdpkhnflwwmj.supabase.co/rest/v1/onboarding_form_data?select=%2A&employee_id=eq.test-emp-1a2bd0fa&step_id=eq.personal-info "HTTP/2 200 OK"
INFO:     127.0.0.1:61864 - "GET /api/onboarding/test-emp-1a2bd0fa/personal-info HTTP/1.1" 200 OK
INFO:httpx:HTTP Request: GET https://onmjxtyamdpkhnflwwmj.supabase.co/rest/v1/onboarding_form_data?select=%2A&employee_id=eq.test-emp-1a2bd0fa&step_id=eq.personal-info "HTTP/2 200 OK"
INFO:     127.0.0.1:61868 - "GET /api/onboarding/test-emp-1a2bd0fa/personal-info HTTP/1.1" 200 OK
INFO:httpx:HTTP Request: GET https://onmjxtyamdpkhnflwwmj.supabase.co/rest/v1/onboarding_form_data?select=id&token=eq.eyJhbGciOiJIUzI1NiIsInR5cCI6IkpXVCJ9.eyJlbXBsb3llZV9pZCI6InRlc3QtZW1wLTFhMmJkMGZhIiwiYXBwbGljYXRpb25faWQiOm51bGwsInRva2VuX3R5cGUiOiJvbmJvYXJkaW5nIiwiaWF0IjoxNzU0NjIzMTkxLCJleHAiOjE3NTUyMjc5OTEsImp0aSI6IlZ5b2U4d0JBNjJrRWg5WVllaERhYmcifQ.CDpZaV3HTI-mxU5AgQtDGTAOmE6EL0s2zUo4qgiSoJ4&step_id=eq.personal-info "HTTP/2 200 OK"
INFO:httpx:HTTP Request: POST https://onmjxtyamdpkhnflwwmj.supabase.co/rest/v1/onboarding_form_data "HTTP/2 201 Created"
INFO:app.main_enhanced:Test employee form data saved to Supabase: True
INFO:     127.0.0.1:61894 - "POST /api/onboarding/test-emp-1a2bd0fa/progress/personal-info HTTP/1.1" 200 OK
INFO:httpx:HTTP Request: GET https://onmjxtyamdpkhnflwwmj.supabase.co/rest/v1/users?select=id&limit=1 "HTTP/2 200 OK"
INFO:     127.0.0.1:61897 - "GET /healthz HTTP/1.1" 200 OK
INFO:httpx:HTTP Request: GET https://onmjxtyamdpkhnflwwmj.supabase.co/rest/v1/users?select=id&limit=1 "HTTP/2 200 OK"
INFO:     127.0.0.1:61904 - "GET /healthz HTTP/1.1" 200 OK
INFO:httpx:HTTP Request: GET https://onmjxtyamdpkhnflwwmj.supabase.co/rest/v1/onboarding_form_data?select=id&token=eq.eyJhbGciOiJIUzI1NiIsInR5cCI6IkpXVCJ9.eyJlbXBsb3llZV9pZCI6InRlc3QtZW1wLTFhMmJkMGZhIiwiYXBwbGljYXRpb25faWQiOm51bGwsInRva2VuX3R5cGUiOiJvbmJvYXJkaW5nIiwiaWF0IjoxNzU0NjIzMTkxLCJleHAiOjE3NTUyMjc5OTEsImp0aSI6IlZ5b2U4d0JBNjJrRWg5WVllaERhYmcifQ.CDpZaV3HTI-mxU5AgQtDGTAOmE6EL0s2zUo4qgiSoJ4&step_id=eq.personal-info "HTTP/2 200 OK"
INFO:httpx:HTTP Request: PATCH https://onmjxtyamdpkhnflwwmj.supabase.co/rest/v1/onboarding_form_data?token=eq.eyJhbGciOiJIUzI1NiIsInR5cCI6IkpXVCJ9.eyJlbXBsb3llZV9pZCI6InRlc3QtZW1wLTFhMmJkMGZhIiwiYXBwbGljYXRpb25faWQiOm51bGwsInRva2VuX3R5cGUiOiJvbmJvYXJkaW5nIiwiaWF0IjoxNzU0NjIzMTkxLCJleHAiOjE3NTUyMjc5OTEsImp0aSI6IlZ5b2U4d0JBNjJrRWg5WVllaERhYmcifQ.CDpZaV3HTI-mxU5AgQtDGTAOmE6EL0s2zUo4qgiSoJ4&step_id=eq.personal-info "HTTP/2 200 OK"
INFO:app.main_enhanced:Test employee form data saved to Supabase: True
INFO:     127.0.0.1:61907 - "POST /api/onboarding/test-emp-1a2bd0fa/progress/personal-info HTTP/1.1" 200 OK
INFO:httpx:HTTP Request: GET https://onmjxtyamdpkhnflwwmj.supabase.co/rest/v1/users?select=id&limit=1 "HTTP/2 200 OK"
INFO:     127.0.0.1:61910 - "GET /healthz HTTP/1.1" 200 OK
INFO:httpx:HTTP Request: GET https://onmjxtyamdpkhnflwwmj.supabase.co/rest/v1/users?select=id&limit=1 "HTTP/2 200 OK"
INFO:     127.0.0.1:61913 - "GET /healthz HTTP/1.1" 200 OK
INFO:httpx:HTTP Request: GET https://onmjxtyamdpkhnflwwmj.supabase.co/rest/v1/onboarding_form_data?select=id&token=eq.eyJhbGciOiJIUzI1NiIsInR5cCI6IkpXVCJ9.eyJlbXBsb3llZV9pZCI6InRlc3QtZW1wLTFhMmJkMGZhIiwiYXBwbGljYXRpb25faWQiOm51bGwsInRva2VuX3R5cGUiOiJvbmJvYXJkaW5nIiwiaWF0IjoxNzU0NjIzMTkxLCJleHAiOjE3NTUyMjc5OTEsImp0aSI6IlZ5b2U4d0JBNjJrRWg5WVllaERhYmcifQ.CDpZaV3HTI-mxU5AgQtDGTAOmE6EL0s2zUo4qgiSoJ4&step_id=eq.personal-info "HTTP/2 200 OK"
INFO:httpx:HTTP Request: PATCH https://onmjxtyamdpkhnflwwmj.supabase.co/rest/v1/onboarding_form_data?token=eq.eyJhbGciOiJIUzI1NiIsInR5cCI6IkpXVCJ9.eyJlbXBsb3llZV9pZCI6InRlc3QtZW1wLTFhMmJkMGZhIiwiYXBwbGljYXRpb25faWQiOm51bGwsInRva2VuX3R5cGUiOiJvbmJvYXJkaW5nIiwiaWF0IjoxNzU0NjIzMTkxLCJleHAiOjE3NTUyMjc5OTEsImp0aSI6IlZ5b2U4d0JBNjJrRWg5WVllaERhYmcifQ.CDpZaV3HTI-mxU5AgQtDGTAOmE6EL0s2zUo4qgiSoJ4&step_id=eq.personal-info "HTTP/2 200 OK"
INFO:app.main_enhanced:Test employee form data saved to Supabase: True
INFO:     127.0.0.1:61920 - "POST /api/onboarding/test-emp-1a2bd0fa/progress/personal-info HTTP/1.1" 200 OK
INFO:httpx:HTTP Request: GET https://onmjxtyamdpkhnflwwmj.supabase.co/rest/v1/users?select=id&limit=1 "HTTP/2 200 OK"
INFO:     127.0.0.1:61923 - "GET /healthz HTTP/1.1" 200 OK
INFO:httpx:HTTP Request: GET https://onmjxtyamdpkhnflwwmj.supabase.co/rest/v1/users?select=id&limit=1 "HTTP/2 200 OK"
INFO:     127.0.0.1:61926 - "GET /healthz HTTP/1.1" 200 OK
INFO:httpx:HTTP Request: GET https://onmjxtyamdpkhnflwwmj.supabase.co/rest/v1/users?select=id&limit=1 "HTTP/2 200 OK"
INFO:     127.0.0.1:61948 - "GET /healthz HTTP/1.1" 200 OK
INFO:httpx:HTTP Request: GET https://onmjxtyamdpkhnflwwmj.supabase.co/rest/v1/onboarding_form_data?select=id&token=eq.eyJhbGciOiJIUzI1NiIsInR5cCI6IkpXVCJ9.eyJlbXBsb3llZV9pZCI6InRlc3QtZW1wLTFhMmJkMGZhIiwiYXBwbGljYXRpb25faWQiOm51bGwsInRva2VuX3R5cGUiOiJvbmJvYXJkaW5nIiwiaWF0IjoxNzU0NjIzMTkxLCJleHAiOjE3NTUyMjc5OTEsImp0aSI6IlZ5b2U4d0JBNjJrRWg5WVllaERhYmcifQ.CDpZaV3HTI-mxU5AgQtDGTAOmE6EL0s2zUo4qgiSoJ4&step_id=eq.personal-info "HTTP/2 200 OK"
INFO:httpx:HTTP Request: PATCH https://onmjxtyamdpkhnflwwmj.supabase.co/rest/v1/onboarding_form_data?token=eq.eyJhbGciOiJIUzI1NiIsInR5cCI6IkpXVCJ9.eyJlbXBsb3llZV9pZCI6InRlc3QtZW1wLTFhMmJkMGZhIiwiYXBwbGljYXRpb25faWQiOm51bGwsInRva2VuX3R5cGUiOiJvbmJvYXJkaW5nIiwiaWF0IjoxNzU0NjIzMTkxLCJleHAiOjE3NTUyMjc5OTEsImp0aSI6IlZ5b2U4d0JBNjJrRWg5WVllaERhYmcifQ.CDpZaV3HTI-mxU5AgQtDGTAOmE6EL0s2zUo4qgiSoJ4&step_id=eq.personal-info "HTTP/2 200 OK"
INFO:app.main_enhanced:Test employee form data saved to Supabase: True
INFO:     127.0.0.1:61946 - "POST /api/onboarding/test-emp-1a2bd0fa/progress/personal-info HTTP/1.1" 200 OK
INFO:httpx:HTTP Request: GET https://onmjxtyamdpkhnflwwmj.supabase.co/rest/v1/users?select=id&limit=1 "HTTP/2 200 OK"
INFO:     127.0.0.1:61953 - "GET /healthz HTTP/1.1" 200 OK
INFO:httpx:HTTP Request: GET https://onmjxtyamdpkhnflwwmj.supabase.co/rest/v1/onboarding_form_data?select=%2A&employee_id=eq.test-emp-1a2bd0fa&step_id=eq.personal-info "HTTP/2 200 OK"
INFO:httpx:HTTP Request: GET https://onmjxtyamdpkhnflwwmj.supabase.co/rest/v1/onboarding_form_data?select=%2A&employee_id=eq.test-emp-1a2bd0fa&step_id=eq.i9-complete "HTTP/2 200 OK"
INFO:httpx:HTTP Request: GET https://onmjxtyamdpkhnflwwmj.supabase.co/rest/v1/onboarding_form_data?select=%2A&employee_id=eq.test-emp-1a2bd0fa&step_id=eq.i9-section1 "HTTP/2 200 OK"
INFO:httpx:HTTP Request: GET https://onmjxtyamdpkhnflwwmj.supabase.co/rest/v1/onboarding_form_data?select=%2A&employee_id=eq.test-emp-1a2bd0fa&step_id=eq.i9-section2 "HTTP/2 200 OK"
INFO:httpx:HTTP Request: GET https://onmjxtyamdpkhnflwwmj.supabase.co/rest/v1/onboarding_form_data?select=%2A&employee_id=eq.test-emp-1a2bd0fa&step_id=eq.w4-form "HTTP/2 200 OK"
INFO:httpx:HTTP Request: GET https://onmjxtyamdpkhnflwwmj.supabase.co/rest/v1/onboarding_form_data?select=%2A&employee_id=eq.test-emp-1a2bd0fa&step_id=eq.company-policies "HTTP/2 200 OK"
INFO:httpx:HTTP Request: GET https://onmjxtyamdpkhnflwwmj.supabase.co/rest/v1/onboarding_form_data?select=%2A&employee_id=eq.test-emp-1a2bd0fa&step_id=eq.direct-deposit "HTTP/2 200 OK"
INFO:httpx:HTTP Request: GET https://onmjxtyamdpkhnflwwmj.supabase.co/rest/v1/users?select=id&limit=1 "HTTP/2 200 OK"
INFO:     127.0.0.1:62203 - "GET /api/onboarding/session/eyJhbGciOiJIUzI1NiIsInR5cCI6IkpXVCJ9.eyJlbXBsb3llZV9pZCI6InRlc3QtZW1wLTFhMmJkMGZhIiwiYXBwbGljYXRpb25faWQiOm51bGwsInRva2VuX3R5cGUiOiJvbmJvYXJkaW5nIiwiaWF0IjoxNzU0NjIzMTkxLCJleHAiOjE3NTUyMjc5OTEsImp0aSI6IlZ5b2U4d0JBNjJrRWg5WVllaERhYmcifQ.CDpZaV3HTI-mxU5AgQtDGTAOmE6EL0s2zUo4qgiSoJ4 HTTP/1.1" 200 OK
INFO:     127.0.0.1:62204 - "GET /healthz HTTP/1.1" 200 OK
INFO:httpx:HTTP Request: GET https://onmjxtyamdpkhnflwwmj.supabase.co/rest/v1/onboarding_form_data?select=%2A&employee_id=eq.test-emp-1a2bd0fa&step_id=eq.personal-info "HTTP/2 200 OK"
INFO:httpx:HTTP Request: GET https://onmjxtyamdpkhnflwwmj.supabase.co/rest/v1/onboarding_form_data?select=%2A&employee_id=eq.test-emp-1a2bd0fa&step_id=eq.i9-complete "HTTP/2 200 OK"
INFO:httpx:HTTP Request: GET https://onmjxtyamdpkhnflwwmj.supabase.co/rest/v1/onboarding_form_data?select=%2A&employee_id=eq.test-emp-1a2bd0fa&step_id=eq.i9-section1 "HTTP/2 200 OK"
INFO:httpx:HTTP Request: GET https://onmjxtyamdpkhnflwwmj.supabase.co/rest/v1/onboarding_form_data?select=%2A&employee_id=eq.test-emp-1a2bd0fa&step_id=eq.i9-section2 "HTTP/2 200 OK"
INFO:httpx:HTTP Request: GET https://onmjxtyamdpkhnflwwmj.supabase.co/rest/v1/onboarding_form_data?select=%2A&employee_id=eq.test-emp-1a2bd0fa&step_id=eq.w4-form "HTTP/2 200 OK"
INFO:httpx:HTTP Request: GET https://onmjxtyamdpkhnflwwmj.supabase.co/rest/v1/onboarding_form_data?select=%2A&employee_id=eq.test-emp-1a2bd0fa&step_id=eq.company-policies "HTTP/2 200 OK"
INFO:httpx:HTTP Request: GET https://onmjxtyamdpkhnflwwmj.supabase.co/rest/v1/onboarding_form_data?select=%2A&employee_id=eq.test-emp-1a2bd0fa&step_id=eq.direct-deposit "HTTP/2 200 OK"
INFO:httpx:HTTP Request: GET https://onmjxtyamdpkhnflwwmj.supabase.co/rest/v1/users?select=id&limit=1 "HTTP/2 200 OK"
INFO:     127.0.0.1:62212 - "GET /api/onboarding/session/eyJhbGciOiJIUzI1NiIsInR5cCI6IkpXVCJ9.eyJlbXBsb3llZV9pZCI6InRlc3QtZW1wLTFhMmJkMGZhIiwiYXBwbGljYXRpb25faWQiOm51bGwsInRva2VuX3R5cGUiOiJvbmJvYXJkaW5nIiwiaWF0IjoxNzU0NjIzMTkxLCJleHAiOjE3NTUyMjc5OTEsImp0aSI6IlZ5b2U4d0JBNjJrRWg5WVllaERhYmcifQ.CDpZaV3HTI-mxU5AgQtDGTAOmE6EL0s2zUo4qgiSoJ4 HTTP/1.1" 200 OK
INFO:     127.0.0.1:62213 - "GET /healthz HTTP/1.1" 200 OK
INFO:     127.0.0.1:62227 - "POST /api/onboarding/test-emp-1a2bd0fa/complete/welcome HTTP/1.1" 200 OK
INFO:httpx:HTTP Request: GET https://onmjxtyamdpkhnflwwmj.supabase.co/rest/v1/onboarding_form_data?select=%2A&employee_id=eq.test-emp-1a2bd0fa&step_id=eq.personal-info "HTTP/2 200 OK"
INFO:     127.0.0.1:62229 - "GET /api/onboarding/test-emp-1a2bd0fa/personal-info HTTP/1.1" 200 OK
INFO:httpx:HTTP Request: GET https://onmjxtyamdpkhnflwwmj.supabase.co/rest/v1/onboarding_form_data?select=%2A&employee_id=eq.test-emp-1a2bd0fa&step_id=eq.personal-info "HTTP/2 200 OK"
INFO:     127.0.0.1:62238 - "GET /api/onboarding/test-emp-1a2bd0fa/personal-info HTTP/1.1" 200 OK
INFO:httpx:HTTP Request: GET https://onmjxtyamdpkhnflwwmj.supabase.co/rest/v1/users?select=id&limit=1 "HTTP/2 200 OK"
INFO:     127.0.0.1:62257 - "GET /healthz HTTP/1.1" 200 OK
INFO:httpx:HTTP Request: GET https://onmjxtyamdpkhnflwwmj.supabase.co/rest/v1/users?select=id&limit=1 "HTTP/2 200 OK"
INFO:     127.0.0.1:62494 - "GET /healthz HTTP/1.1" 200 OK
INFO:httpx:HTTP Request: GET https://onmjxtyamdpkhnflwwmj.supabase.co/rest/v1/users?select=id&limit=1 "HTTP/2 200 OK"
INFO:     127.0.0.1:62534 - "GET /healthz HTTP/1.1" 200 OK
INFO:httpx:HTTP Request: GET https://onmjxtyamdpkhnflwwmj.supabase.co/rest/v1/users?select=id&limit=1 "HTTP/2 200 OK"
INFO:     127.0.0.1:62761 - "GET /healthz HTTP/1.1" 200 OK
INFO:httpx:HTTP Request: GET https://onmjxtyamdpkhnflwwmj.supabase.co/rest/v1/users?select=id&limit=1 "HTTP/2 200 OK"
INFO:     127.0.0.1:62802 - "GET /healthz HTTP/1.1" 200 OK
INFO:httpx:HTTP Request: GET https://onmjxtyamdpkhnflwwmj.supabase.co/rest/v1/users?select=id&limit=1 "HTTP/2 200 OK"
INFO:     127.0.0.1:63032 - "GET /healthz HTTP/1.1" 200 OK
INFO:httpx:HTTP Request: GET https://onmjxtyamdpkhnflwwmj.supabase.co/rest/v1/users?select=id&limit=1 "HTTP/2 200 OK"
INFO:     127.0.0.1:63070 - "GET /healthz HTTP/1.1" 200 OK
INFO:httpx:HTTP Request: GET https://onmjxtyamdpkhnflwwmj.supabase.co/rest/v1/users?select=id&limit=1 "HTTP/2 200 OK"
INFO:     127.0.0.1:63301 - "GET /healthz HTTP/1.1" 200 OK
INFO:httpx:HTTP Request: GET https://onmjxtyamdpkhnflwwmj.supabase.co/rest/v1/users?select=id&limit=1 "HTTP/2 200 OK"
INFO:     127.0.0.1:63339 - "GET /healthz HTTP/1.1" 200 OK
INFO:httpx:HTTP Request: GET https://onmjxtyamdpkhnflwwmj.supabase.co/rest/v1/users?select=id&limit=1 "HTTP/2 200 OK"
INFO:     127.0.0.1:63569 - "GET /healthz HTTP/1.1" 200 OK
INFO:httpx:HTTP Request: GET https://onmjxtyamdpkhnflwwmj.supabase.co/rest/v1/users?select=id&limit=1 "HTTP/2 200 OK"
INFO:     127.0.0.1:63609 - "GET /healthz HTTP/1.1" 200 OK
INFO:httpx:HTTP Request: GET https://onmjxtyamdpkhnflwwmj.supabase.co/rest/v1/users?select=id&limit=1 "HTTP/2 200 OK"
INFO:     127.0.0.1:63832 - "GET /healthz HTTP/1.1" 200 OK
INFO:httpx:HTTP Request: GET https://onmjxtyamdpkhnflwwmj.supabase.co/rest/v1/users?select=id&limit=1 "HTTP/2 200 OK"
INFO:httpx:HTTP Request: GET https://onmjxtyamdpkhnflwwmj.supabase.co/rest/v1/onboarding_form_data?select=%2A&employee_id=eq.test-emp-1a2bd0fa&step_id=eq.personal-info "HTTP/2 200 OK"
INFO:httpx:HTTP Request: GET https://onmjxtyamdpkhnflwwmj.supabase.co/rest/v1/onboarding_form_data?select=%2A&employee_id=eq.test-emp-1a2bd0fa&step_id=eq.i9-complete "HTTP/2 200 OK"
INFO:httpx:HTTP Request: GET https://onmjxtyamdpkhnflwwmj.supabase.co/rest/v1/onboarding_form_data?select=%2A&employee_id=eq.test-emp-1a2bd0fa&step_id=eq.i9-section1 "HTTP/2 200 OK"
INFO:httpx:HTTP Request: GET https://onmjxtyamdpkhnflwwmj.supabase.co/rest/v1/onboarding_form_data?select=%2A&employee_id=eq.test-emp-1a2bd0fa&step_id=eq.i9-section2 "HTTP/2 200 OK"
INFO:httpx:HTTP Request: GET https://onmjxtyamdpkhnflwwmj.supabase.co/rest/v1/onboarding_form_data?select=%2A&employee_id=eq.test-emp-1a2bd0fa&step_id=eq.w4-form "HTTP/2 200 OK"
INFO:httpx:HTTP Request: GET https://onmjxtyamdpkhnflwwmj.supabase.co/rest/v1/onboarding_form_data?select=%2A&employee_id=eq.test-emp-1a2bd0fa&step_id=eq.company-policies "HTTP/2 200 OK"
INFO:httpx:HTTP Request: GET https://onmjxtyamdpkhnflwwmj.supabase.co/rest/v1/onboarding_form_data?select=%2A&employee_id=eq.test-emp-1a2bd0fa&step_id=eq.direct-deposit "HTTP/2 200 OK"
INFO:     127.0.0.1:64037 - "GET /healthz HTTP/1.1" 200 OK
INFO:     127.0.0.1:64038 - "GET /api/onboarding/session/eyJhbGciOiJIUzI1NiIsInR5cCI6IkpXVCJ9.eyJlbXBsb3llZV9pZCI6InRlc3QtZW1wLTFhMmJkMGZhIiwiYXBwbGljYXRpb25faWQiOm51bGwsInRva2VuX3R5cGUiOiJvbmJvYXJkaW5nIiwiaWF0IjoxNzU0NjIzMTkxLCJleHAiOjE3NTUyMjc5OTEsImp0aSI6IlZ5b2U4d0JBNjJrRWg5WVllaERhYmcifQ.CDpZaV3HTI-mxU5AgQtDGTAOmE6EL0s2zUo4qgiSoJ4 HTTP/1.1" 200 OK
WARNING:app.supabase_service_enhanced:SUPABASE_SERVICE_KEY not set, using anon key for admin operations
WARNING:app.supabase_service_enhanced:SUPABASE_SERVICE_KEY not set, using anon key for admin operations
WARNING:app.supabase_service_enhanced:SUPABASE_SERVICE_KEY not set, using anon key for admin operations
INFO:app.supabase_service_enhanced:✅ Enhanced Supabase service initialized
INFO:app.supabase_service_enhanced:✅ Enhanced Supabase service initialized
INFO:app.supabase_service_enhanced:✅ Enhanced Supabase service initialized
INFO:httpx:HTTP Request: GET https://onmjxtyamdpkhnflwwmj.supabase.co/rest/v1/users?select=id&limit=1 "HTTP/2 200 OK"
INFO:httpx:HTTP Request: GET https://onmjxtyamdpkhnflwwmj.supabase.co/rest/v1/onboarding_form_data?select=%2A&employee_id=eq.test-emp-1a2bd0fa&step_id=eq.personal-info "HTTP/2 200 OK"
INFO:httpx:HTTP Request: GET https://onmjxtyamdpkhnflwwmj.supabase.co/rest/v1/users?select=%2A&id=eq.e5afafa0-1866-4acc-b44c-2b6158bf2d59 "HTTP/2 200 OK"
INFO:httpx:HTTP Request: GET https://onmjxtyamdpkhnflwwmj.supabase.co/rest/v1/users?select=%2A&id=eq.e5afafa0-1866-4acc-b44c-2b6158bf2d59 "HTTP/2 200 OK"
INFO:httpx:HTTP Request: GET https://onmjxtyamdpkhnflwwmj.supabase.co/rest/v1/users?select=%2A&id=eq.e5afafa0-1866-4acc-b44c-2b6158bf2d59 "HTTP/2 200 OK"
INFO:httpx:HTTP Request: GET https://onmjxtyamdpkhnflwwmj.supabase.co/rest/v1/onboarding_form_data?select=%2A&employee_id=eq.test-emp-1a2bd0fa&step_id=eq.i9-complete "HTTP/2 200 OK"
INFO:httpx:HTTP Request: GET https://onmjxtyamdpkhnflwwmj.supabase.co/rest/v1/onboarding_form_data?select=%2A&employee_id=eq.test-emp-1a2bd0fa&step_id=eq.i9-section1 "HTTP/2 200 OK"
INFO:httpx:HTTP Request: GET https://onmjxtyamdpkhnflwwmj.supabase.co/rest/v1/onboarding_form_data?select=%2A&employee_id=eq.test-emp-1a2bd0fa&step_id=eq.i9-section2 "HTTP/2 200 OK"
INFO:httpx:HTTP Request: GET https://onmjxtyamdpkhnflwwmj.supabase.co/rest/v1/onboarding_form_data?select=%2A&employee_id=eq.test-emp-1a2bd0fa&step_id=eq.w4-form "HTTP/2 200 OK"
INFO:httpx:HTTP Request: GET https://onmjxtyamdpkhnflwwmj.supabase.co/rest/v1/onboarding_form_data?select=%2A&employee_id=eq.test-emp-1a2bd0fa&step_id=eq.company-policies "HTTP/2 200 OK"
INFO:httpx:HTTP Request: GET https://onmjxtyamdpkhnflwwmj.supabase.co/rest/v1/onboarding_form_data?select=%2A&employee_id=eq.test-emp-1a2bd0fa&step_id=eq.direct-deposit "HTTP/2 200 OK"
INFO:     127.0.0.1:64045 - "GET /healthz HTTP/1.1" 200 OK
INFO:     127.0.0.1:64046 - "GET /api/onboarding/session/eyJhbGciOiJIUzI1NiIsInR5cCI6IkpXVCJ9.eyJlbXBsb3llZV9pZCI6InRlc3QtZW1wLTFhMmJkMGZhIiwiYXBwbGljYXRpb25faWQiOm51bGwsInRva2VuX3R5cGUiOiJvbmJvYXJkaW5nIiwiaWF0IjoxNzU0NjIzMTkxLCJleHAiOjE3NTUyMjc5OTEsImp0aSI6IlZ5b2U4d0JBNjJrRWg5WVllaERhYmcifQ.CDpZaV3HTI-mxU5AgQtDGTAOmE6EL0s2zUo4qgiSoJ4 HTTP/1.1" 200 OK
INFO:httpx:HTTP Request: GET https://onmjxtyamdpkhnflwwmj.supabase.co/rest/v1/properties?select=%2A "HTTP/2 200 OK"
INFO:app.supabase_service_enhanced:Raw properties from DB: 3 properties found
INFO:app.supabase_service_enhanced:Returning 3 properties
INFO:httpx:HTTP Request: GET https://onmjxtyamdpkhnflwwmj.supabase.co/rest/v1/property_managers?select=manager_id&property_id=eq.b1d60a13-ba0d-45bd-b709-87076abc64dc "HTTP/2 200 OK"
INFO:httpx:HTTP Request: GET https://onmjxtyamdpkhnflwwmj.supabase.co/rest/v1/property_managers?select=manager_id&property_id=eq.44d08c2f-49a7-443c-b1b9-6a5f20c529d2 "HTTP/2 200 OK"
INFO:httpx:HTTP Request: GET https://onmjxtyamdpkhnflwwmj.supabase.co/rest/v1/property_managers?select=manager_id&property_id=eq.628113c8-ed04-4119-9118-e358c14ad13f "HTTP/2 200 OK"
INFO:httpx:HTTP Request: GET https://onmjxtyamdpkhnflwwmj.supabase.co/rest/v1/users?select=%2A&role=eq.manager&is_active=eq.True "HTTP/2 200 OK"
INFO:httpx:HTTP Request: GET https://onmjxtyamdpkhnflwwmj.supabase.co/rest/v1/property_managers?select=properties%28%2A%29&manager_id=eq.59356bfe-9c80-4871-81e5-2fa4496b5781 "HTTP/2 200 OK"
INFO:httpx:HTTP Request: GET https://onmjxtyamdpkhnflwwmj.supabase.co/rest/v1/property_managers?select=properties%28%2A%29&manager_id=eq.bcfc5697-11cc-4c67-aef4-6bed8d84ecbb "HTTP/2 200 OK"
INFO:httpx:HTTP Request: GET https://onmjxtyamdpkhnflwwmj.supabase.co/rest/v1/property_managers?select=properties%28%2A%29&manager_id=eq.5a328344-c9db-415b-b8cf-5079554949dd "HTTP/2 200 OK"
INFO:httpx:HTTP Request: GET https://onmjxtyamdpkhnflwwmj.supabase.co/rest/v1/property_managers?select=properties%28%2A%29&manager_id=eq.959a01a6-6bb1-4bbb-a779-acaff92518f4 "HTTP/2 200 OK"
INFO:httpx:HTTP Request: GET https://onmjxtyamdpkhnflwwmj.supabase.co/rest/v1/properties?select=id&is_active=eq.True "HTTP/2 200 OK"
INFO:httpx:HTTP Request: GET https://onmjxtyamdpkhnflwwmj.supabase.co/rest/v1/users?select=id&role=eq.manager&is_active=eq.True "HTTP/2 200 OK"
INFO:httpx:HTTP Request: GET https://onmjxtyamdpkhnflwwmj.supabase.co/rest/v1/employees?select=id&employment_status=eq.active "HTTP/2 200 OK"
INFO:httpx:HTTP Request: GET https://onmjxtyamdpkhnflwwmj.supabase.co/rest/v1/job_applications?select=id&status=eq.pending "HTTP/2 200 OK"
INFO:httpx:HTTP Request: GET https://onmjxtyamdpkhnflwwmj.supabase.co/rest/v1/job_applications?select=id&status=eq.approved "HTTP/2 200 OK"
INFO:httpx:HTTP Request: GET https://onmjxtyamdpkhnflwwmj.supabase.co/rest/v1/job_applications?select=id "HTTP/2 200 OK"
INFO:httpx:HTTP Request: GET https://onmjxtyamdpkhnflwwmj.supabase.co/rest/v1/employees?select=id&employment_status=eq.active "HTTP/2 200 OK"
INFO:httpx:HTTP Request: GET https://onmjxtyamdpkhnflwwmj.supabase.co/rest/v1/employees?select=id&onboarding_status=in.%28in_progress%2Cemployee_completed%2Cmanager_review%29 "HTTP/2 200 OK"
INFO:httpx:HTTP Request: GET https://onmjxtyamdpkhnflwwmj.supabase.co/rest/v1/users?select=id&limit=1 "HTTP/2 200 OK"
INFO:httpx:HTTP Request: GET https://onmjxtyamdpkhnflwwmj.supabase.co/rest/v1/onboarding_form_data?select=%2A&employee_id=eq.test-emp-1a2bd0fa&step_id=eq.personal-info "HTTP/2 200 OK"
INFO:httpx:HTTP Request: GET https://onmjxtyamdpkhnflwwmj.supabase.co/rest/v1/onboarding_form_data?select=%2A&employee_id=eq.test-emp-1a2bd0fa&step_id=eq.i9-complete "HTTP/2 200 OK"
INFO:httpx:HTTP Request: GET https://onmjxtyamdpkhnflwwmj.supabase.co/rest/v1/onboarding_form_data?select=%2A&employee_id=eq.test-emp-1a2bd0fa&step_id=eq.i9-section1 "HTTP/2 200 OK"
INFO:httpx:HTTP Request: GET https://onmjxtyamdpkhnflwwmj.supabase.co/rest/v1/onboarding_form_data?select=%2A&employee_id=eq.test-emp-1a2bd0fa&step_id=eq.i9-section2 "HTTP/2 200 OK"
INFO:httpx:HTTP Request: GET https://onmjxtyamdpkhnflwwmj.supabase.co/rest/v1/onboarding_form_data?select=%2A&employee_id=eq.test-emp-1a2bd0fa&step_id=eq.w4-form "HTTP/2 200 OK"
INFO:httpx:HTTP Request: GET https://onmjxtyamdpkhnflwwmj.supabase.co/rest/v1/onboarding_form_data?select=%2A&employee_id=eq.test-emp-1a2bd0fa&step_id=eq.company-policies "HTTP/2 200 OK"
INFO:httpx:HTTP Request: GET https://onmjxtyamdpkhnflwwmj.supabase.co/rest/v1/onboarding_form_data?select=%2A&employee_id=eq.test-emp-1a2bd0fa&step_id=eq.direct-deposit "HTTP/2 200 OK"
INFO:     127.0.0.1:64041 - "GET /hr/properties HTTP/1.1" 200 OK
INFO:     127.0.0.1:64040 - "GET /hr/managers HTTP/1.1" 200 OK
INFO:     127.0.0.1:64039 - "GET /hr/dashboard-stats HTTP/1.1" 200 OK
INFO:     127.0.0.1:64066 - "GET /healthz HTTP/1.1" 200 OK
INFO:     127.0.0.1:64067 - "GET /api/onboarding/session/eyJhbGciOiJIUzI1NiIsInR5cCI6IkpXVCJ9.eyJlbXBsb3llZV9pZCI6InRlc3QtZW1wLTFhMmJkMGZhIiwiYXBwbGljYXRpb25faWQiOm51bGwsInRva2VuX3R5cGUiOiJvbmJvYXJkaW5nIiwiaWF0IjoxNzU0NjIzMTkxLCJleHAiOjE3NTUyMjc5OTEsImp0aSI6IlZ5b2U4d0JBNjJrRWg5WVllaERhYmcifQ.CDpZaV3HTI-mxU5AgQtDGTAOmE6EL0s2zUo4qgiSoJ4 HTTP/1.1" 200 OK
INFO:httpx:HTTP Request: GET https://onmjxtyamdpkhnflwwmj.supabase.co/rest/v1/users?select=id&limit=1 "HTTP/2 200 OK"
INFO:httpx:HTTP Request: GET https://onmjxtyamdpkhnflwwmj.supabase.co/rest/v1/onboarding_form_data?select=%2A&employee_id=eq.test-emp-1a2bd0fa&step_id=eq.personal-info "HTTP/2 200 OK"
INFO:httpx:HTTP Request: GET https://onmjxtyamdpkhnflwwmj.supabase.co/rest/v1/onboarding_form_data?select=%2A&employee_id=eq.test-emp-1a2bd0fa&step_id=eq.i9-complete "HTTP/2 200 OK"
ERROR:app.supabase_service_enhanced:Failed to get onboarding form data by employee: [Errno 60] Operation timed out
ERROR:app.supabase_service_enhanced:Failed to get onboarding form data by employee: [Errno 8] nodename nor servname provided, or not known
ERROR:app.supabase_service_enhanced:Failed to get onboarding form data by employee: [Errno 8] nodename nor servname provided, or not known
ERROR:app.supabase_service_enhanced:Failed to get onboarding form data by employee: [Errno 8] nodename nor servname provided, or not known
ERROR:app.supabase_service_enhanced:Failed to get onboarding form data by employee: [Errno 8] nodename nor servname provided, or not known
INFO:     127.0.0.1:64082 - "GET /healthz HTTP/1.1" 200 OK
INFO:     127.0.0.1:64083 - "GET /api/onboarding/session/eyJhbGciOiJIUzI1NiIsInR5cCI6IkpXVCJ9.eyJlbXBsb3llZV9pZCI6InRlc3QtZW1wLTFhMmJkMGZhIiwiYXBwbGljYXRpb25faWQiOm51bGwsInRva2VuX3R5cGUiOiJvbmJvYXJkaW5nIiwiaWF0IjoxNzU0NjIzMTkxLCJleHAiOjE3NTUyMjc5OTEsImp0aSI6IlZ5b2U4d0JBNjJrRWg5WVllaERhYmcifQ.CDpZaV3HTI-mxU5AgQtDGTAOmE6EL0s2zUo4qgiSoJ4 HTTP/1.1" 200 OK
WARNING:app.supabase_service_enhanced:SUPABASE_SERVICE_KEY not set, using anon key for admin operations
INFO:app.supabase_service_enhanced:✅ Enhanced Supabase service initialized
WARNING:app.supabase_service_enhanced:SUPABASE_SERVICE_KEY not set, using anon key for admin operations
WARNING:app.supabase_service_enhanced:SUPABASE_SERVICE_KEY not set, using anon key for admin operations
INFO:app.supabase_service_enhanced:✅ Enhanced Supabase service initialized
INFO:app.supabase_service_enhanced:✅ Enhanced Supabase service initialized
ERROR:app.supabase_service_enhanced:Failed to get user by ID e5afafa0-1866-4acc-b44c-2b6158bf2d59: [Errno 8] nodename nor servname provided, or not known
ERROR:app.supabase_service_enhanced:Failed to get user by ID e5afafa0-1866-4acc-b44c-2b6158bf2d59: [Errno 8] nodename nor servname provided, or not known
ERROR:app.supabase_service_enhanced:Failed to get user by ID e5afafa0-1866-4acc-b44c-2b6158bf2d59: [Errno 8] nodename nor servname provided, or not known
INFO:     127.0.0.1:64103 - "GET /hr/managers HTTP/1.1" 401 Unauthorized
INFO:     127.0.0.1:64104 - "GET /hr/dashboard-stats HTTP/1.1" 401 Unauthorized
INFO:     127.0.0.1:64101 - "GET /hr/properties HTTP/1.1" 401 Unauthorized
INFO:httpx:HTTP Request: GET https://onmjxtyamdpkhnflwwmj.supabase.co/rest/v1/users?select=id&limit=1 "HTTP/2 200 OK"
INFO:     127.0.0.1:64315 - "GET /healthz HTTP/1.1" 200 OK
INFO:httpx:HTTP Request: GET https://onmjxtyamdpkhnflwwmj.supabase.co/rest/v1/users?select=id&limit=1 "HTTP/2 200 OK"
INFO:     127.0.0.1:64329 - "GET /healthz HTTP/1.1" 200 OK
INFO:httpx:HTTP Request: GET https://onmjxtyamdpkhnflwwmj.supabase.co/rest/v1/users?select=id&limit=1 "HTTP/2 200 OK"
INFO:     127.0.0.1:64601 - "GET /healthz HTTP/1.1" 200 OK
INFO:httpx:HTTP Request: GET https://onmjxtyamdpkhnflwwmj.supabase.co/rest/v1/users?select=id&limit=1 "HTTP/2 200 OK"
INFO:     127.0.0.1:64621 - "GET /healthz HTTP/1.1" 200 OK
INFO:httpx:HTTP Request: GET https://onmjxtyamdpkhnflwwmj.supabase.co/rest/v1/users?select=id&limit=1 "HTTP/2 200 OK"
INFO:     127.0.0.1:64871 - "GET /healthz HTTP/1.1" 200 OK
INFO:httpx:HTTP Request: GET https://onmjxtyamdpkhnflwwmj.supabase.co/rest/v1/users?select=id&limit=1 "HTTP/2 200 OK"
INFO:     127.0.0.1:64891 - "GET /healthz HTTP/1.1" 200 OK
INFO:httpx:HTTP Request: GET https://onmjxtyamdpkhnflwwmj.supabase.co/rest/v1/users?select=id&limit=1 "HTTP/2 200 OK"
INFO:     127.0.0.1:65176 - "GET /healthz HTTP/1.1" 200 OK
INFO:httpx:HTTP Request: GET https://onmjxtyamdpkhnflwwmj.supabase.co/rest/v1/users?select=id&limit=1 "HTTP/2 200 OK"
INFO:     127.0.0.1:65202 - "GET /healthz HTTP/1.1" 200 OK
INFO:httpx:HTTP Request: GET https://onmjxtyamdpkhnflwwmj.supabase.co/rest/v1/users?select=id&limit=1 "HTTP/2 200 OK"
INFO:     127.0.0.1:65450 - "GET /healthz HTTP/1.1" 200 OK
INFO:httpx:HTTP Request: GET https://onmjxtyamdpkhnflwwmj.supabase.co/rest/v1/users?select=id&limit=1 "HTTP/2 200 OK"
INFO:     127.0.0.1:65472 - "GET /healthz HTTP/1.1" 200 OK
INFO:httpx:HTTP Request: GET https://onmjxtyamdpkhnflwwmj.supabase.co/rest/v1/users?select=id&limit=1 "HTTP/2 200 OK"
INFO:     127.0.0.1:49341 - "GET /healthz HTTP/1.1" 200 OK
INFO:httpx:HTTP Request: GET https://onmjxtyamdpkhnflwwmj.supabase.co/rest/v1/users?select=id&limit=1 "HTTP/2 200 OK"
INFO:     127.0.0.1:49361 - "GET /healthz HTTP/1.1" 200 OK
INFO:httpx:HTTP Request: GET https://onmjxtyamdpkhnflwwmj.supabase.co/rest/v1/users?select=id&limit=1 "HTTP/2 200 OK"
INFO:     127.0.0.1:49609 - "GET /healthz HTTP/1.1" 200 OK
INFO:httpx:HTTP Request: GET https://onmjxtyamdpkhnflwwmj.supabase.co/rest/v1/users?select=id&limit=1 "HTTP/2 200 OK"
INFO:     127.0.0.1:49631 - "GET /healthz HTTP/1.1" 200 OK
INFO:httpx:HTTP Request: GET https://onmjxtyamdpkhnflwwmj.supabase.co/rest/v1/users?select=id&limit=1 "HTTP/2 200 OK"
INFO:httpx:HTTP Request: GET https://onmjxtyamdpkhnflwwmj.supabase.co/rest/v1/users?select=id&limit=1 "HTTP/2 200 OK"
INFO:     127.0.0.1:49901 - "GET /healthz HTTP/1.1" 200 OK
INFO:     127.0.0.1:49903 - "GET /healthz HTTP/1.1" 200 OK
INFO:httpx:HTTP Request: GET https://onmjxtyamdpkhnflwwmj.supabase.co/rest/v1/users?select=id&limit=1 "HTTP/2 200 OK"
INFO:httpx:HTTP Request: GET https://onmjxtyamdpkhnflwwmj.supabase.co/rest/v1/users?select=id&limit=1 "HTTP/2 200 OK"
INFO:     127.0.0.1:50462 - "GET /healthz HTTP/1.1" 200 OK
INFO:     127.0.0.1:50464 - "GET /healthz HTTP/1.1" 200 OK
INFO:httpx:HTTP Request: GET https://onmjxtyamdpkhnflwwmj.supabase.co/rest/v1/users?select=id&limit=1 "HTTP/2 200 OK"
INFO:httpx:HTTP Request: GET https://onmjxtyamdpkhnflwwmj.supabase.co/rest/v1/users?select=id&limit=1 "HTTP/2 200 OK"
INFO:     127.0.0.1:51006 - "GET /healthz HTTP/1.1" 200 OK
INFO:     127.0.0.1:51008 - "GET /healthz HTTP/1.1" 200 OK
INFO:httpx:HTTP Request: GET https://onmjxtyamdpkhnflwwmj.supabase.co/rest/v1/users?select=id&limit=1 "HTTP/2 200 OK"
INFO:     127.0.0.1:51537 - "GET /healthz HTTP/1.1" 200 OK
INFO:httpx:HTTP Request: GET https://onmjxtyamdpkhnflwwmj.supabase.co/rest/v1/users?select=id&limit=1 "HTTP/2 200 OK"
INFO:     127.0.0.1:51540 - "GET /healthz HTTP/1.1" 200 OK
INFO:httpx:HTTP Request: GET https://onmjxtyamdpkhnflwwmj.supabase.co/rest/v1/users?select=id&limit=1 "HTTP/2 200 OK"
INFO:httpx:HTTP Request: GET https://onmjxtyamdpkhnflwwmj.supabase.co/rest/v1/users?select=id&limit=1 "HTTP/2 200 OK"
INFO:     127.0.0.1:52096 - "GET /healthz HTTP/1.1" 200 OK
INFO:     127.0.0.1:52098 - "GET /healthz HTTP/1.1" 200 OK
INFO:httpx:HTTP Request: GET https://onmjxtyamdpkhnflwwmj.supabase.co/rest/v1/users?select=id&limit=1 "HTTP/2 200 OK"
INFO:httpx:HTTP Request: GET https://onmjxtyamdpkhnflwwmj.supabase.co/rest/v1/users?select=id&limit=1 "HTTP/2 200 OK"
INFO:     127.0.0.1:52643 - "GET /healthz HTTP/1.1" 200 OK
INFO:     127.0.0.1:52645 - "GET /healthz HTTP/1.1" 200 OK
INFO:httpx:HTTP Request: GET https://onmjxtyamdpkhnflwwmj.supabase.co/rest/v1/users?select=id&limit=1 "HTTP/2 200 OK"
INFO:httpx:HTTP Request: GET https://onmjxtyamdpkhnflwwmj.supabase.co/rest/v1/users?select=id&limit=1 "HTTP/2 200 OK"
INFO:     127.0.0.1:53191 - "GET /healthz HTTP/1.1" 200 OK
INFO:     127.0.0.1:53193 - "GET /healthz HTTP/1.1" 200 OK
INFO:httpx:HTTP Request: GET https://onmjxtyamdpkhnflwwmj.supabase.co/rest/v1/users?select=id&limit=1 "HTTP/2 200 OK"
INFO:     127.0.0.1:53525 - "GET /healthz HTTP/1.1" 200 OK
INFO:httpx:HTTP Request: GET https://onmjxtyamdpkhnflwwmj.supabase.co/rest/v1/users?select=id&limit=1 "HTTP/2 200 OK"
INFO:httpx:HTTP Request: GET https://onmjxtyamdpkhnflwwmj.supabase.co/rest/v1/users?select=id&limit=1 "HTTP/2 200 OK"
INFO:     127.0.0.1:53814 - "GET /healthz HTTP/1.1" 200 OK
INFO:     127.0.0.1:53815 - "GET /healthz HTTP/1.1" 200 OK
INFO:httpx:HTTP Request: GET https://onmjxtyamdpkhnflwwmj.supabase.co/rest/v1/users?select=id&limit=1 "HTTP/2 200 OK"
INFO:httpx:HTTP Request: GET https://onmjxtyamdpkhnflwwmj.supabase.co/rest/v1/users?select=id&limit=1 "HTTP/2 200 OK"
INFO:     127.0.0.1:54367 - "GET /healthz HTTP/1.1" 200 OK
INFO:     127.0.0.1:54369 - "GET /healthz HTTP/1.1" 200 OK
INFO:httpx:HTTP Request: GET https://onmjxtyamdpkhnflwwmj.supabase.co/rest/v1/users?select=id&limit=1 "HTTP/2 200 OK"
INFO:httpx:HTTP Request: GET https://onmjxtyamdpkhnflwwmj.supabase.co/rest/v1/users?select=id&limit=1 "HTTP/2 200 OK"
INFO:     127.0.0.1:54898 - "GET /healthz HTTP/1.1" 200 OK
INFO:     127.0.0.1:54900 - "GET /healthz HTTP/1.1" 200 OK
INFO:httpx:HTTP Request: GET https://onmjxtyamdpkhnflwwmj.supabase.co/rest/v1/users?select=id&limit=1 "HTTP/2 200 OK"
INFO:httpx:HTTP Request: GET https://onmjxtyamdpkhnflwwmj.supabase.co/rest/v1/users?select=id&limit=1 "HTTP/2 200 OK"
INFO:     127.0.0.1:55438 - "GET /healthz HTTP/1.1" 200 OK
INFO:     127.0.0.1:55439 - "GET /healthz HTTP/1.1" 200 OK
INFO:httpx:HTTP Request: GET https://onmjxtyamdpkhnflwwmj.supabase.co/rest/v1/users?select=id&limit=1 "HTTP/2 200 OK"
INFO:     127.0.0.1:55882 - "GET /healthz HTTP/1.1" 200 OK
INFO:httpx:HTTP Request: GET https://onmjxtyamdpkhnflwwmj.supabase.co/rest/v1/users?select=id&limit=1 "HTTP/2 200 OK"
INFO:     127.0.0.1:56005 - "GET /healthz HTTP/1.1" 200 OK
INFO:httpx:HTTP Request: GET https://onmjxtyamdpkhnflwwmj.supabase.co/rest/v1/users?select=id&limit=1 "HTTP/2 200 OK"
INFO:     127.0.0.1:56007 - "GET /healthz HTTP/1.1" 200 OK
INFO:httpx:HTTP Request: GET https://onmjxtyamdpkhnflwwmj.supabase.co/rest/v1/users?select=id&limit=1 "HTTP/2 200 OK"
INFO:     127.0.0.1:56334 - "GET /healthz HTTP/1.1" 200 OK
